<?xml version="1.0" encoding="UTF-8"?>
<coverage generated="1788615591280" clover="3.2.0">
  <project timestamp="1788615591280" name="All files">
    <metrics statements="498" coveredstatements="405" conditionals="220" coveredconditionals="160" methods="101" coveredmethods="90" elements="819" coveredelements="655" complexity="0" loc="498" ncloc="498" packages="6" files="27" classes="27"/>
    <package name="src">
      <metrics statements="85" coveredstatements="47" conditionals="20" coveredconditionals="14" methods="8" coveredmethods="6"/>
      <file name="app.ts" path="/home/azaken/Desktop/ProjectCloudy/CloudyArtistAdminPage/API/src/app.ts">
        <metrics statements="49" coveredstatements="47" conditionals="20" coveredconditionals="14" methods="6" coveredmethods="6"/>
        <line num="24" count="9" type="cond" truecount="2" falsecount="0"/>
        <line num="27" count="110" type="stmt"/>
        <line num="28" count="110" type="cond" truecount="1" falsecount="1"/>
        <line num="32" count="9" type="stmt"/>
        <line num="34" count="9" type="stmt"/>
        <line num="38" count="9" type="stmt"/>
        <line num="57" count="9" type="stmt"/>
        <line num="71" count="9" type="stmt"/>
        <line num="78" count="9" type="stmt"/>
        <line num="85" count="9" type="stmt"/>
        <line num="92" count="9" type="stmt"/>
        <line num="94" count="97" type="cond" truecount="3" falsecount="1"/>
        <line num="95" count="97" type="stmt"/>
        <line num="97" count="0" type="stmt"/>
        <line num="107" count="9" type="stmt"/>
        <line num="109" count="9" type="stmt"/>
        <line num="119" count="9" type="stmt"/>
        <line num="120" count="9" type="stmt"/>
        <line num="128" count="9" type="stmt"/>
        <line num="129" count="9" type="stmt"/>
        <line num="130" count="9" type="stmt"/>
        <line num="140" count="9" type="stmt"/>
        <line num="147" count="9" type="stmt"/>
        <line num="148" count="2" type="stmt"/>
        <line num="149" count="2" type="cond" truecount="1" falsecount="1"/>
        <line num="153" count="2" type="stmt"/>
        <line num="154" count="2" type="cond" truecount="1" falsecount="1"/>
        <line num="155" count="2" type="stmt"/>
        <line num="156" count="2" type="stmt"/>
        <line num="157" count="2" type="stmt"/>
        <line num="159" count="0" type="stmt"/>
        <line num="163" count="2" type="cond" truecount="2" falsecount="0"/>
        <line num="165" count="2" type="cond" truecount="1" falsecount="1"/>
        <line num="177" count="9" type="stmt"/>
        <line num="188" count="9" type="stmt"/>
        <line num="189" count="63" type="cond" truecount="2" falsecount="0"/>
        <line num="190" count="21" type="stmt"/>
        <line num="192" count="63" type="stmt"/>
        <line num="195" count="9" type="stmt"/>
        <line num="196" count="9" type="stmt"/>
        <line num="197" count="9" type="stmt"/>
        <line num="198" count="9" type="stmt"/>
        <line num="199" count="9" type="stmt"/>
        <line num="200" count="9" type="stmt"/>
        <line num="201" count="9" type="stmt"/>
        <line num="203" count="9" type="stmt"/>
        <line num="204" count="4" type="stmt"/>
        <line num="207" count="9" type="stmt"/>
        <line num="209" count="9" type="stmt"/>
      </file>
      <file name="seed.ts" path="/home/azaken/Desktop/ProjectCloudy/CloudyArtistAdminPage/API/src/seed.ts">
        <metrics statements="36" coveredstatements="0" conditionals="0" coveredconditionals="0" methods="2" coveredmethods="0"/>
        <line num="7" count="0" type="stmt"/>
        <line num="100" count="0" type="stmt"/>
        <line num="127" count="0" type="stmt"/>
        <line num="151" count="0" type="stmt"/>
        <line num="169" count="0" type="stmt"/>
        <line num="203" count="0" type="stmt"/>
        <line num="204" count="0" type="stmt"/>
        <line num="206" count="0" type="stmt"/>
        <line num="209" count="0" type="stmt"/>
        <line num="210" count="0" type="stmt"/>
        <line num="211" count="0" type="stmt"/>
        <line num="213" count="0" type="stmt"/>
        <line num="214" count="0" type="stmt"/>
        <line num="215" count="0" type="stmt"/>
        <line num="216" count="0" type="stmt"/>
        <line num="219" count="0" type="stmt"/>
        <line num="220" count="0" type="stmt"/>
        <line num="222" count="0" type="stmt"/>
        <line num="223" count="0" type="stmt"/>
        <line num="225" count="0" type="stmt"/>
        <line num="226" count="0" type="stmt"/>
        <line num="228" count="0" type="stmt"/>
        <line num="229" count="0" type="stmt"/>
        <line num="231" count="0" type="stmt"/>
        <line num="232" count="0" type="stmt"/>
        <line num="234" count="0" type="stmt"/>
        <line num="235" count="0" type="stmt"/>
        <line num="236" count="0" type="stmt"/>
        <line num="237" count="0" type="stmt"/>
        <line num="238" count="0" type="stmt"/>
        <line num="239" count="0" type="stmt"/>
        <line num="241" count="0" type="stmt"/>
        <line num="242" count="0" type="stmt"/>
        <line num="245" count="0" type="stmt"/>
        <line num="246" count="0" type="stmt"/>
        <line num="247" count="0" type="stmt"/>
      </file>
    </package>
    <package name="src.config">
      <metrics statements="45" coveredstatements="21" conditionals="10" coveredconditionals="3" methods="23" coveredmethods="16"/>
      <file name="cloudinary.ts" path="/home/azaken/Desktop/ProjectCloudy/CloudyArtistAdminPage/API/src/config/cloudinary.ts">
        <metrics statements="1" coveredstatements="1" conditionals="0" coveredconditionals="0" methods="0" coveredmethods="0"/>
        <line num="4" count="9" type="stmt"/>
      </file>
      <file name="db.ts" path="/home/azaken/Desktop/ProjectCloudy/CloudyArtistAdminPage/API/src/config/db.ts">
        <metrics statements="12" coveredstatements="0" conditionals="0" coveredconditionals="0" methods="4" coveredmethods="0"/>
        <line num="6" count="0" type="stmt"/>
        <line num="7" count="0" type="stmt"/>
        <line num="9" count="0" type="stmt"/>
        <line num="11" count="0" type="stmt"/>
        <line num="12" count="0" type="stmt"/>
        <line num="15" count="0" type="stmt"/>
        <line num="16" count="0" type="stmt"/>
        <line num="19" count="0" type="stmt"/>
        <line num="21" count="0" type="stmt"/>
        <line num="22" count="0" type="stmt"/>
        <line num="27" count="0" type="stmt"/>
        <line num="28" count="0" type="stmt"/>
      </file>
      <file name="env.ts" path="/home/azaken/Desktop/ProjectCloudy/CloudyArtistAdminPage/API/src/config/env.ts">
        <metrics statements="32" coveredstatements="20" conditionals="10" coveredconditionals="3" methods="19" coveredmethods="16"/>
        <line num="4" count="115" type="stmt"/>
        <line num="5" count="115" type="cond" truecount="1" falsecount="1"/>
        <line num="6" count="0" type="stmt"/>
        <line num="8" count="115" type="stmt"/>
        <line num="12" count="39" type="cond" truecount="1" falsecount="1"/>
        <line num="15" count="11" type="stmt"/>
        <line num="17" count="0" type="stmt"/>
        <line num="20" count="30" type="stmt"/>
        <line num="24" count="0" type="stmt"/>
        <line num="28" count="47" type="stmt"/>
        <line num="31" count="16" type="stmt"/>
        <line num="34" count="6" type="stmt"/>
        <line num="37" count="16" type="stmt"/>
        <line num="40" count="3" type="stmt"/>
        <line num="42" count="6" type="stmt"/>
        <line num="47" count="9" type="stmt"/>
        <line num="50" count="9" type="stmt"/>
        <line num="53" count="9" type="stmt"/>
        <line num="57" count="9" type="stmt"/>
        <line num="61" count="1" type="stmt"/>
        <line num="62" count="1" type="cond" truecount="1" falsecount="1"/>
        <line num="63" count="1" type="stmt"/>
        <line num="65" count="0" type="stmt"/>
        <line num="69" count="28" type="stmt"/>
        <line num="85" count="0" type="stmt"/>
        <line num="97" count="0" type="stmt"/>
        <line num="99" count="0" type="stmt"/>
        <line num="100" count="0" type="stmt"/>
        <line num="101" count="0" type="stmt"/>
        <line num="103" count="0" type="stmt"/>
        <line num="107" count="0" type="cond" truecount="0" falsecount="2"/>
        <line num="108" count="0" type="stmt"/>
      </file>
    </package>
    <package name="src.middleware">
      <metrics statements="46" coveredstatements="44" conditionals="30" coveredconditionals="28" methods="3" coveredmethods="3"/>
      <file name="auth.ts" path="/home/azaken/Desktop/ProjectCloudy/CloudyArtistAdminPage/API/src/middleware/auth.ts">
        <metrics statements="12" coveredstatements="11" conditionals="6" coveredconditionals="5" methods="1" coveredmethods="1"/>
        <line num="8" count="57" type="stmt"/>
        <line num="10" count="57" type="cond" truecount="2" falsecount="0"/>
        <line num="11" count="12" type="stmt"/>
        <line num="14" count="45" type="stmt"/>
        <line num="15" count="45" type="stmt"/>
        <line num="17" count="45" type="stmt"/>
        <line num="24" count="45" type="stmt"/>
        <line num="26" count="5" type="cond" truecount="2" falsecount="0"/>
        <line num="27" count="2" type="stmt"/>
        <line num="29" count="3" type="cond" truecount="1" falsecount="1"/>
        <line num="30" count="3" type="stmt"/>
        <line num="32" count="0" type="stmt"/>
      </file>
      <file name="errorHandler.ts" path="/home/azaken/Desktop/ProjectCloudy/CloudyArtistAdminPage/API/src/middleware/errorHandler.ts">
        <metrics statements="28" coveredstatements="28" conditionals="22" coveredconditionals="22" methods="1" coveredmethods="1"/>
        <line num="20" count="42" type="cond" truecount="2" falsecount="0"/>
        <line num="21" count="4" type="stmt"/>
        <line num="28" count="4" type="stmt"/>
        <line num="29" count="4" type="stmt"/>
        <line num="32" count="38" type="cond" truecount="2" falsecount="0"/>
        <line num="33" count="2" type="stmt"/>
        <line num="40" count="2" type="stmt"/>
        <line num="41" count="2" type="stmt"/>
        <line num="50" count="36" type="stmt"/>
        <line num="51" count="36" type="cond" truecount="2" falsecount="0"/>
        <line num="52" count="1" type="stmt"/>
        <line num="59" count="1" type="stmt"/>
        <line num="62" count="35" type="cond" truecount="2" falsecount="0"/>
        <line num="63" count="1" type="stmt"/>
        <line num="70" count="1" type="stmt"/>
        <line num="73" count="34" type="cond" truecount="4" falsecount="0"/>
        <line num="74" count="1" type="stmt"/>
        <line num="81" count="1" type="stmt"/>
        <line num="82" count="1" type="stmt"/>
        <line num="85" count="33" type="cond" truecount="2" falsecount="0"/>
        <line num="86" count="30" type="cond" truecount="2" falsecount="0"/>
        <line num="87" count="1" type="stmt"/>
        <line num="90" count="30" type="stmt"/>
        <line num="98" count="30" type="stmt"/>
        <line num="99" count="30" type="stmt"/>
        <line num="102" count="3" type="stmt"/>
        <line num="104" count="3" type="stmt"/>
        <line num="114" count="42" type="stmt"/>
      </file>
      <file name="upload.ts" path="/home/azaken/Desktop/ProjectCloudy/CloudyArtistAdminPage/API/src/middleware/upload.ts">
        <metrics statements="6" coveredstatements="5" conditionals="2" coveredconditionals="1" methods="1" coveredmethods="1"/>
        <line num="4" count="9" type="stmt"/>
        <line num="14" count="9" type="stmt"/>
        <line num="16" count="9" type="stmt"/>
        <line num="20" count="1" type="cond" truecount="1" falsecount="1"/>
        <line num="21" count="1" type="stmt"/>
        <line num="23" count="0" type="stmt"/>
      </file>
    </package>
    <package name="src.models">
      <metrics statements="16" coveredstatements="16" conditionals="0" coveredconditionals="0" methods="1" coveredmethods="1"/>
      <file name="Artwork.ts" path="/home/azaken/Desktop/ProjectCloudy/CloudyArtistAdminPage/API/src/models/Artwork.ts">
        <metrics statements="2" coveredstatements="2" conditionals="0" coveredconditionals="0" methods="0" coveredmethods="0"/>
        <line num="14" count="14" type="stmt"/>
        <line num="56" count="14" type="stmt"/>
      </file>
      <file name="CommissionTier.ts" path="/home/azaken/Desktop/ProjectCloudy/CloudyArtistAdminPage/API/src/models/CommissionTier.ts">
        <metrics statements="2" coveredstatements="2" conditionals="0" coveredconditionals="0" methods="0" coveredmethods="0"/>
        <line num="13" count="14" type="stmt"/>
        <line num="51" count="14" type="stmt"/>
      </file>
      <file name="FaqItem.ts" path="/home/azaken/Desktop/ProjectCloudy/CloudyArtistAdminPage/API/src/models/FaqItem.ts">
        <metrics statements="2" coveredstatements="2" conditionals="0" coveredconditionals="0" methods="0" coveredmethods="0"/>
        <line num="11" count="14" type="stmt"/>
        <line num="37" count="14" type="stmt"/>
      </file>
      <file name="GlobalConfig.ts" path="/home/azaken/Desktop/ProjectCloudy/CloudyArtistAdminPage/API/src/models/GlobalConfig.ts">
        <metrics statements="7" coveredstatements="7" conditionals="0" coveredconditionals="0" methods="0" coveredmethods="0"/>
        <line num="28" count="14" type="stmt"/>
        <line num="38" count="14" type="stmt"/>
        <line num="47" count="14" type="stmt"/>
        <line num="58" count="14" type="stmt"/>
        <line num="67" count="14" type="stmt"/>
        <line num="77" count="14" type="stmt"/>
        <line num="154" count="14" type="stmt"/>
      </file>
      <file name="TosSection.ts" path="/home/azaken/Desktop/ProjectCloudy/CloudyArtistAdminPage/API/src/models/TosSection.ts">
        <metrics statements="3" coveredstatements="3" conditionals="0" coveredconditionals="0" methods="1" coveredmethods="1"/>
        <line num="14" count="14" type="stmt"/>
        <line num="34" count="20" type="stmt"/>
        <line num="50" count="14" type="stmt"/>
      </file>
      <file name="index.ts" path="/home/azaken/Desktop/ProjectCloudy/CloudyArtistAdminPage/API/src/models/index.ts">
        <metrics statements="0" coveredstatements="0" conditionals="0" coveredconditionals="0" methods="0" coveredmethods="0"/>
      </file>
    </package>
    <package name="src.routes">
      <metrics statements="194" coveredstatements="183" conditionals="63" coveredconditionals="51" methods="39" coveredmethods="37"/>
      <file name="artworks.ts" path="/home/azaken/Desktop/ProjectCloudy/CloudyArtistAdminPage/API/src/routes/artworks.ts">
        <metrics statements="28" coveredstatements="27" conditionals="6" coveredconditionals="5" methods="7" coveredmethods="7"/>
        <line num="7" count="9" type="stmt"/>
        <line num="9" count="9" type="stmt"/>
        <line num="10" count="2" type="stmt"/>
        <line num="11" count="2" type="stmt"/>
        <line num="14" count="9" type="stmt"/>
        <line num="15" count="3" type="stmt"/>
        <line num="17" count="2" type="cond" truecount="2" falsecount="0"/>
        <line num="18" count="1" type="stmt"/>
        <line num="21" count="1" type="stmt"/>
        <line num="24" count="9" type="stmt"/>
        <line num="25" count="2" type="stmt"/>
        <line num="26" count="1" type="stmt"/>
        <line num="29" count="9" type="stmt"/>
        <line num="30" count="2" type="stmt"/>
        <line num="32" count="3" type="stmt"/>
        <line num="39" count="2" type="stmt"/>
        <line num="40" count="1" type="stmt"/>
        <line num="41" count="1" type="stmt"/>
        <line num="44" count="9" type="stmt"/>
        <line num="45" count="2" type="stmt"/>
        <line num="51" count="2" type="cond" truecount="2" falsecount="0"/>
        <line num="52" count="1" type="stmt"/>
        <line num="55" count="1" type="stmt"/>
        <line num="58" count="9" type="stmt"/>
        <line num="59" count="1" type="stmt"/>
        <line num="61" count="1" type="cond" truecount="1" falsecount="1"/>
        <line num="62" count="0" type="stmt"/>
        <line num="65" count="1" type="stmt"/>
      </file>
      <file name="auth.ts" path="/home/azaken/Desktop/ProjectCloudy/CloudyArtistAdminPage/API/src/routes/auth.ts">
        <metrics statements="56" coveredstatements="56" conditionals="20" coveredconditionals="19" methods="7" coveredmethods="7"/>
        <line num="9" count="9" type="stmt"/>
        <line num="10" count="9" type="stmt"/>
        <line num="11" count="9" type="stmt"/>
        <line num="12" count="9" type="stmt"/>
        <line num="13" count="9" type="stmt"/>
        <line num="25" count="10" type="stmt"/>
        <line num="27" count="10" type="stmt"/>
        <line num="35" count="10" type="stmt"/>
        <line num="39" count="9" type="stmt"/>
        <line num="49" count="8" type="cond" truecount="4" falsecount="0"/>
        <line num="50" count="7" type="cond" truecount="3" falsecount="1"/>
        <line num="52" count="7" type="stmt"/>
        <line num="55" count="9" type="stmt"/>
        <line num="57" count="9" type="stmt"/>
        <line num="58" count="10" type="stmt"/>
        <line num="66" count="10" type="stmt"/>
        <line num="69" count="9" type="stmt"/>
        <line num="70" count="9" type="stmt"/>
        <line num="71" count="9" type="stmt"/>
        <line num="74" count="9" type="stmt"/>
        <line num="76" count="9" type="cond" truecount="4" falsecount="0"/>
        <line num="77" count="1" type="stmt"/>
        <line num="78" count="1" type="stmt"/>
        <line num="81" count="8" type="cond" truecount="2" falsecount="0"/>
        <line num="82" count="2" type="stmt"/>
        <line num="83" count="2" type="stmt"/>
        <line num="84" count="2" type="stmt"/>
        <line num="87" count="6" type="stmt"/>
        <line num="88" count="6" type="stmt"/>
        <line num="100" count="5" type="cond" truecount="2" falsecount="0"/>
        <line num="101" count="1" type="stmt"/>
        <line num="102" count="1" type="stmt"/>
        <line num="103" count="1" type="stmt"/>
        <line num="106" count="4" type="stmt"/>
        <line num="108" count="4" type="stmt"/>
        <line num="112" count="4" type="cond" truecount="2" falsecount="0"/>
        <line num="113" count="1" type="stmt"/>
        <line num="114" count="1" type="stmt"/>
        <line num="115" count="1" type="stmt"/>
        <line num="118" count="3" type="stmt"/>
        <line num="120" count="3" type="cond" truecount="2" falsecount="0"/>
        <line num="121" count="1" type="stmt"/>
        <line num="122" count="1" type="stmt"/>
        <line num="123" count="1" type="stmt"/>
        <line num="126" count="2" type="stmt"/>
        <line num="133" count="2" type="stmt"/>
        <line num="135" count="2" type="stmt"/>
        <line num="143" count="2" type="stmt"/>
        <line num="145" count="1" type="stmt"/>
        <line num="146" count="1" type="stmt"/>
        <line num="150" count="9" type="stmt"/>
        <line num="151" count="1" type="stmt"/>
        <line num="153" count="1" type="stmt"/>
        <line num="159" count="9" type="stmt"/>
        <line num="160" count="2" type="stmt"/>
        <line num="167" count="2" type="stmt"/>
      </file>
      <file name="commissions.ts" path="/home/azaken/Desktop/ProjectCloudy/CloudyArtistAdminPage/API/src/routes/commissions.ts">
        <metrics statements="23" coveredstatements="22" conditionals="4" coveredconditionals="3" methods="6" coveredmethods="6"/>
        <line num="7" count="9" type="stmt"/>
        <line num="9" count="9" type="stmt"/>
        <line num="10" count="2" type="stmt"/>
        <line num="11" count="2" type="stmt"/>
        <line num="14" count="9" type="stmt"/>
        <line num="15" count="2" type="stmt"/>
        <line num="16" count="1" type="stmt"/>
        <line num="19" count="9" type="stmt"/>
        <line num="20" count="2" type="stmt"/>
        <line num="22" count="2" type="stmt"/>
        <line num="29" count="2" type="stmt"/>
        <line num="30" count="1" type="stmt"/>
        <line num="31" count="1" type="stmt"/>
        <line num="34" count="9" type="stmt"/>
        <line num="35" count="2" type="stmt"/>
        <line num="41" count="2" type="cond" truecount="2" falsecount="0"/>
        <line num="42" count="1" type="stmt"/>
        <line num="45" count="1" type="stmt"/>
        <line num="48" count="9" type="stmt"/>
        <line num="49" count="1" type="stmt"/>
        <line num="51" count="1" type="cond" truecount="1" falsecount="1"/>
        <line num="52" count="0" type="stmt"/>
        <line num="55" count="1" type="stmt"/>
      </file>
      <file name="config.ts" path="/home/azaken/Desktop/ProjectCloudy/CloudyArtistAdminPage/API/src/routes/config.ts">
        <metrics statements="19" coveredstatements="19" conditionals="15" coveredconditionals="14" methods="3" coveredmethods="3"/>
        <line num="6" count="9" type="stmt"/>
        <line num="8" count="9" type="stmt"/>
        <line num="9" count="7" type="stmt"/>
        <line num="11" count="7" type="cond" truecount="2" falsecount="0"/>
        <line num="12" count="1" type="stmt"/>
        <line num="15" count="6" type="stmt"/>
        <line num="35" count="20" type="stmt"/>
        <line num="36" count="59" type="cond" truecount="2" falsecount="0"/>
        <line num="38" count="59" type="cond" truecount="3" falsecount="0"/>
        <line num="40" count="59" type="cond" truecount="2" falsecount="0"/>
        <line num="43" count="15" type="stmt"/>
        <line num="45" count="44" type="stmt"/>
        <line num="49" count="20" type="stmt"/>
        <line num="52" count="9" type="stmt"/>
        <line num="53" count="7" type="cond" truecount="1" falsecount="1"/>
        <line num="57" count="7" type="stmt"/>
        <line num="58" count="7" type="cond" truecount="2" falsecount="0"/>
        <line num="60" count="7" type="stmt"/>
        <line num="66" count="7" type="stmt"/>
      </file>
      <file name="faqs.ts" path="/home/azaken/Desktop/ProjectCloudy/CloudyArtistAdminPage/API/src/routes/faqs.ts">
        <metrics statements="23" coveredstatements="22" conditionals="4" coveredconditionals="3" methods="6" coveredmethods="6"/>
        <line num="7" count="9" type="stmt"/>
        <line num="9" count="9" type="stmt"/>
        <line num="10" count="2" type="stmt"/>
        <line num="11" count="2" type="stmt"/>
        <line num="14" count="9" type="stmt"/>
        <line num="15" count="2" type="stmt"/>
        <line num="16" count="1" type="stmt"/>
        <line num="19" count="9" type="stmt"/>
        <line num="20" count="2" type="stmt"/>
        <line num="22" count="2" type="stmt"/>
        <line num="29" count="2" type="stmt"/>
        <line num="30" count="1" type="stmt"/>
        <line num="31" count="1" type="stmt"/>
        <line num="34" count="9" type="stmt"/>
        <line num="35" count="2" type="stmt"/>
        <line num="41" count="2" type="cond" truecount="2" falsecount="0"/>
        <line num="42" count="1" type="stmt"/>
        <line num="45" count="1" type="stmt"/>
        <line num="48" count="9" type="stmt"/>
        <line num="49" count="1" type="stmt"/>
        <line num="51" count="1" type="cond" truecount="1" falsecount="1"/>
        <line num="52" count="0" type="stmt"/>
        <line num="55" count="1" type="stmt"/>
      </file>
      <file name="portfolio.ts" path="/home/azaken/Desktop/ProjectCloudy/CloudyArtistAdminPage/API/src/routes/portfolio.ts">
        <metrics statements="7" coveredstatements="7" conditionals="2" coveredconditionals="2" methods="1" coveredmethods="1"/>
        <line num="5" count="9" type="stmt"/>
        <line num="7" count="9" type="stmt"/>
        <line num="8" count="3" type="stmt"/>
        <line num="16" count="3" type="cond" truecount="2" falsecount="0"/>
        <line num="17" count="1" type="stmt"/>
        <line num="20" count="2" type="stmt"/>
        <line num="28" count="2" type="stmt"/>
      </file>
      <file name="tos.ts" path="/home/azaken/Desktop/ProjectCloudy/CloudyArtistAdminPage/API/src/routes/tos.ts">
        <metrics statements="23" coveredstatements="22" conditionals="4" coveredconditionals="3" methods="6" coveredmethods="6"/>
        <line num="7" count="9" type="stmt"/>
        <line num="9" count="9" type="stmt"/>
        <line num="10" count="2" type="stmt"/>
        <line num="11" count="2" type="stmt"/>
        <line num="14" count="9" type="stmt"/>
        <line num="15" count="2" type="stmt"/>
        <line num="16" count="1" type="stmt"/>
        <line num="19" count="9" type="stmt"/>
        <line num="20" count="2" type="stmt"/>
        <line num="22" count="2" type="stmt"/>
        <line num="29" count="2" type="stmt"/>
        <line num="30" count="1" type="stmt"/>
        <line num="31" count="1" type="stmt"/>
        <line num="34" count="9" type="stmt"/>
        <line num="35" count="2" type="stmt"/>
        <line num="41" count="2" type="cond" truecount="2" falsecount="0"/>
        <line num="42" count="1" type="stmt"/>
        <line num="45" count="1" type="stmt"/>
        <line num="48" count="9" type="stmt"/>
        <line num="49" count="1" type="stmt"/>
        <line num="51" count="1" type="cond" truecount="1" falsecount="1"/>
        <line num="52" count="0" type="stmt"/>
        <line num="55" count="1" type="stmt"/>
      </file>
      <file name="upload.ts" path="/home/azaken/Desktop/ProjectCloudy/CloudyArtistAdminPage/API/src/routes/upload.ts">
        <metrics statements="15" coveredstatements="8" conditionals="8" coveredconditionals="2" methods="3" coveredmethods="1"/>
        <line num="8" count="9" type="stmt"/>
        <line num="10" count="9" type="stmt"/>
        <line num="11" count="9" type="stmt"/>
        <line num="12" count="9" type="stmt"/>
        <line num="14" count="9" type="stmt"/>
        <line num="15" count="2" type="cond" truecount="2" falsecount="0"/>
        <line num="16" count="1" type="stmt"/>
        <line num="19" count="1" type="stmt"/>
        <line num="24" count="0" type="stmt"/>
        <line num="25" count="0" type="stmt"/>
        <line num="32" count="0" type="cond" truecount="0" falsecount="4"/>
        <line num="33" count="0" type="cond" truecount="0" falsecount="2"/>
        <line num="35" count="0" type="stmt"/>
        <line num="40" count="0" type="stmt"/>
        <line num="43" count="0" type="stmt"/>
      </file>
    </package>
    <package name="src.utils">
      <metrics statements="112" coveredstatements="94" conditionals="97" coveredconditionals="64" methods="27" coveredmethods="27"/>
      <file name="clientIp.ts" path="/home/azaken/Desktop/ProjectCloudy/CloudyArtistAdminPage/API/src/utils/clientIp.ts">
        <metrics statements="54" coveredstatements="41" conditionals="53" coveredconditionals="27" methods="10" coveredmethods="10"/>
        <line num="34" count="343" type="cond" truecount="2" falsecount="0"/>
        <line num="35" count="232" type="stmt"/>
        <line num="36" count="232" type="stmt"/>
        <line num="37" count="232" type="cond" truecount="2" falsecount="0"/>
        <line num="41" count="346" type="stmt"/>
        <line num="44" count="10" type="stmt"/>
        <line num="56" count="11" type="stmt"/>
        <line num="58" count="11" type="stmt"/>
        <line num="59" count="11" type="stmt"/>
        <line num="61" count="11" type="cond" truecount="2" falsecount="0"/>
        <line num="62" count="10" type="stmt"/>
        <line num="63" count="10" type="stmt"/>
        <line num="64" count="10" type="stmt"/>
        <line num="67" count="1" type="cond" truecount="1" falsecount="1"/>
        <line num="68" count="4" type="stmt"/>
        <line num="69" count="1" type="stmt"/>
        <line num="70" count="1" type="stmt"/>
        <line num="73" count="0" type="cond" truecount="0" falsecount="2"/>
        <line num="74" count="0" type="stmt"/>
        <line num="75" count="0" type="stmt"/>
        <line num="76" count="0" type="stmt"/>
        <line num="77" count="0" type="cond" truecount="0" falsecount="4"/>
        <line num="78" count="0" type="cond" truecount="0" falsecount="2"/>
        <line num="80" count="0" type="stmt"/>
        <line num="83" count="0" type="stmt"/>
        <line num="84" count="0" type="cond" truecount="0" falsecount="2"/>
        <line num="85" count="0" type="cond" truecount="0" falsecount="2"/>
        <line num="89" count="11" type="stmt"/>
        <line num="93" count="116" type="cond" truecount="1" falsecount="1"/>
        <line num="94" count="116" type="stmt"/>
        <line num="95" count="116" type="cond" truecount="1" falsecount="1"/>
        <line num="97" count="0" type="stmt"/>
        <line num="107" count="114" type="cond" truecount="2" falsecount="0"/>
        <line num="109" count="3" type="cond" truecount="1" falsecount="0"/>
        <line num="110" count="3" type="cond" truecount="1" falsecount="1"/>
        <line num="111" count="114" type="cond" truecount="2" falsecount="0"/>
        <line num="112" count="114" type="stmt"/>
        <line num="113" count="114" type="stmt"/>
        <line num="115" count="6" type="stmt"/>
        <line num="119" count="114" type="stmt"/>
        <line num="134" count="114" type="stmt"/>
        <line num="135" count="114" type="cond" truecount="1" falsecount="1"/>
        <line num="145" count="116" type="stmt"/>
        <line num="146" count="116" type="stmt"/>
        <line num="148" count="116" type="cond" truecount="4" falsecount="0"/>
        <line num="149" count="2" type="cond" truecount="1" falsecount="1"/>
        <line num="152" count="114" type="cond" truecount="2" falsecount="2"/>
        <line num="153" count="114" type="stmt"/>
        <line num="154" count="114" type="cond" truecount="2" falsecount="0"/>
        <line num="155" count="112" type="cond" truecount="1" falsecount="1"/>
        <line num="156" count="0" type="cond" truecount="0" falsecount="2"/>
        <line num="162" count="112" type="stmt"/>
        <line num="163" count="112" type="cond" truecount="1" falsecount="1"/>
        <line num="165" count="0" type="cond" truecount="0" falsecount="2"/>
      </file>
      <file name="errors.ts" path="/home/azaken/Desktop/ProjectCloudy/CloudyArtistAdminPage/API/src/utils/errors.ts">
        <metrics statements="11" coveredstatements="11" conditionals="8" coveredconditionals="8" methods="6" coveredmethods="6"/>
        <line num="12" count="54" type="stmt"/>
        <line num="13" count="54" type="stmt"/>
        <line num="14" count="54" type="stmt"/>
        <line num="15" count="54" type="stmt"/>
        <line num="16" count="54" type="stmt"/>
        <line num="17" count="54" type="stmt"/>
        <line num="23" count="16" type="stmt"/>
        <line num="29" count="9" type="stmt"/>
        <line num="35" count="20" type="stmt"/>
        <line num="41" count="3" type="stmt"/>
        <line num="47" count="3" type="stmt"/>
      </file>
      <file name="logger.ts" path="/home/azaken/Desktop/ProjectCloudy/CloudyArtistAdminPage/API/src/utils/logger.ts">
        <metrics statements="19" coveredstatements="18" conditionals="10" coveredconditionals="8" methods="7" coveredmethods="7"/>
        <line num="3" count="12" type="stmt"/>
        <line num="10" count="12" type="stmt"/>
        <line num="13" count="21" type="stmt"/>
        <line num="22" count="18" type="cond" truecount="2" falsecount="0"/>
        <line num="23" count="3" type="cond" truecount="1" falsecount="1"/>
        <line num="25" count="15" type="cond" truecount="2" falsecount="0"/>
        <line num="26" count="5" type="stmt"/>
        <line num="27" count="5" type="stmt"/>
        <line num="29" count="1" type="stmt"/>
        <line num="34" count="21" type="stmt"/>
        <line num="35" count="21" type="stmt"/>
        <line num="36" count="21" type="cond" truecount="2" falsecount="0"/>
        <line num="37" count="21" type="stmt"/>
        <line num="40" count="12" type="stmt"/>
        <line num="42" count="1" type="cond" truecount="1" falsecount="1"/>
        <line num="43" count="0" type="stmt"/>
        <line num="48" count="2" type="stmt"/>
        <line num="52" count="3" type="stmt"/>
        <line num="56" count="16" type="stmt"/>
      </file>
      <file name="seedGuard.ts" path="/home/azaken/Desktop/ProjectCloudy/CloudyArtistAdminPage/API/src/utils/seedGuard.ts">
        <metrics statements="14" coveredstatements="14" conditionals="8" coveredconditionals="7" methods="2" coveredmethods="2"/>
        <line num="4" count="1" type="stmt"/>
        <line num="13" count="5" type="stmt"/>
        <line num="14" count="5" type="stmt"/>
        <line num="15" count="5" type="stmt"/>
        <line num="21" count="1" type="stmt"/>
        <line num="30" count="5" type="cond" truecount="2" falsecount="0"/>
        <line num="31" count="2" type="stmt"/>
        <line num="32" count="2" type="stmt"/>
        <line num="33" count="2" type="stmt"/>
        <line num="36" count="3" type="cond" truecount="4" falsecount="0"/>
        <line num="37" count="1" type="stmt"/>
        <line num="38" count="1" type="stmt"/>
        <line num="39" count="1" type="stmt"/>
        <line num="40" count="1" type="stmt"/>
      </file>
      <file name="sortItems.ts" path="/home/azaken/Desktop/ProjectCloudy/CloudyArtistAdminPage/API/src/utils/sortItems.ts">
        <metrics statements="14" coveredstatements="10" conditionals="18" coveredconditionals="14" methods="2" coveredmethods="2"/>
        <line num="18" count="8" type="stmt"/>
        <line num="20" count="8" type="cond" truecount="4" falsecount="0"/>
        <line num="21" count="4" type="stmt"/>
        <line num="24" count="4" type="cond" truecount="1" falsecount="1"/>
        <line num="25" count="0" type="stmt"/>
        <line num="28" count="4" type="stmt"/>
        <line num="29" count="9" type="cond" truecount="3" falsecount="1"/>
        <line num="30" count="0" type="stmt"/>
        <line num="33" count="9" type="stmt"/>
        <line num="35" count="9" type="cond" truecount="3" falsecount="1"/>
        <line num="36" count="0" type="stmt"/>
        <line num="39" count="9" type="cond" truecount="3" falsecount="1"/>
        <line num="40" count="0" type="stmt"/>
        <line num="43" count="9" type="stmt"/>
      </file>
    </package>
  </project>
</coverage>
