{"/home/azaken/Desktop/ProjectCloudy/CloudyArtistAdminPage/API/src/app.ts": {"path":"/home/azaken/Desktop/ProjectCloudy/CloudyArtistAdminPage/API/src/app.ts","statementMap":{"0":{"start":{"line":24,"column":21},"end":{"line":24,"column":null}},"1":{"start":{"line":27,"column":18},"end":{"line":27,"column":null}},"2":{"start":{"line":28,"column":2},"end":{"line":28,"column":null}},"3":{"start":{"line":32,"column":14},"end":{"line":32,"column":22}},"4":{"start":{"line":34,"column":2},"end":{"line":34,"column":null}},"5":{"start":{"line":38,"column":2},"end":{"line":47,"column":null}},"6":{"start":{"line":57,"column":25},"end":{"line":69,"column":null}},"7":{"start":{"line":71,"column":25},"end":{"line":76,"column":null}},"8":{"start":{"line":78,"column":22},"end":{"line":83,"column":null}},"9":{"start":{"line":85,"column":24},"end":{"line":90,"column":null}},"10":{"start":{"line":92,"column":2},"end":{"line":103,"column":null}},"11":{"start":{"line":94,"column":6},"end":{"line":98,"column":null}},"12":{"start":{"line":95,"column":8},"end":{"line":95,"column":null}},"13":{"start":{"line":97,"column":8},"end":{"line":97,"column":null}},"14":{"start":{"line":107,"column":2},"end":{"line":107,"column":null}},"15":{"start":{"line":109,"column":2},"end":{"line":109,"column":null}},"16":{"start":{"line":119,"column":2},"end":{"line":119,"column":null}},"17":{"start":{"line":120,"column":2},"end":{"line":120,"column":null}},"18":{"start":{"line":128,"column":2},"end":{"line":128,"column":null}},"19":{"start":{"line":129,"column":2},"end":{"line":129,"column":null}},"20":{"start":{"line":130,"column":2},"end":{"line":130,"column":null}},"21":{"start":{"line":140,"column":44},"end":{"line":145,"column":null}},"22":{"start":{"line":147,"column":2},"end":{"line":175,"column":null}},"23":{"start":{"line":148,"column":23},"end":{"line":148,"column":null}},"24":{"start":{"line":149,"column":21},"end":{"line":149,"column":null}},"25":{"start":{"line":153,"column":20},"end":{"line":153,"column":null}},"26":{"start":{"line":154,"column":4},"end":{"line":161,"column":null}},"27":{"start":{"line":155,"column":6},"end":{"line":160,"column":null}},"28":{"start":{"line":156,"column":8},"end":{"line":156,"column":null}},"29":{"start":{"line":157,"column":8},"end":{"line":157,"column":null}},"30":{"start":{"line":159,"column":8},"end":{"line":159,"column":null}},"31":{"start":{"line":163,"column":20},"end":{"line":163,"column":null}},"32":{"start":{"line":165,"column":4},"end":{"line":174,"column":null}},"33":{"start":{"line":177,"column":2},"end":{"line":177,"column":null}},"34":{"start":{"line":188,"column":8},"end":{"line":193,"column":null}},"35":{"start":{"line":189,"column":4},"end":{"line":191,"column":null}},"36":{"start":{"line":190,"column":6},"end":{"line":190,"column":null}},"37":{"start":{"line":192,"column":4},"end":{"line":192,"column":null}},"38":{"start":{"line":195,"column":2},"end":{"line":195,"column":null}},"39":{"start":{"line":196,"column":2},"end":{"line":196,"column":null}},"40":{"start":{"line":197,"column":2},"end":{"line":197,"column":null}},"41":{"start":{"line":198,"column":2},"end":{"line":198,"column":null}},"42":{"start":{"line":199,"column":2},"end":{"line":199,"column":null}},"43":{"start":{"line":200,"column":2},"end":{"line":200,"column":null}},"44":{"start":{"line":201,"column":2},"end":{"line":201,"column":null}},"45":{"start":{"line":203,"column":2},"end":{"line":205,"column":null}},"46":{"start":{"line":204,"column":4},"end":{"line":204,"column":null}},"47":{"start":{"line":207,"column":2},"end":{"line":207,"column":null}},"48":{"start":{"line":209,"column":2},"end":{"line":209,"column":null}}},"fnMap":{"0":{"name":"clientKey","decl":{"start":{"line":26,"column":9},"end":{"line":26,"column":19}},"loc":{"start":{"line":26,"column":71},"end":{"line":29,"column":null}},"line":26},"1":{"name":"createApp","decl":{"start":{"line":31,"column":16},"end":{"line":31,"column":41}},"loc":{"start":{"line":31,"column":41},"end":{"line":210,"column":null}},"line":31},"2":{"name":"(anonymous_2)","decl":{"start":{"line":93,"column":4},"end":{"line":93,"column":13}},"loc":{"start":{"line":93,"column":34},"end":{"line":99,"column":null}},"line":93},"3":{"name":"(anonymous_3)","decl":{"start":{"line":147,"column":25},"end":{"line":147,"column":32}},"loc":{"start":{"line":147,"column":46},"end":{"line":175,"column":3}},"line":147},"4":{"name":"(anonymous_4)","decl":{"start":{"line":188,"column":8},"end":{"line":188,"column":39}},"loc":{"start":{"line":188,"column":58},"end":{"line":193,"column":null}},"line":188},"5":{"name":"(anonymous_5)","decl":{"start":{"line":203,"column":6},"end":{"line":203,"column":11}},"loc":{"start":{"line":203,"column":31},"end":{"line":205,"column":3}},"line":203}},"branchMap":{"0":{"loc":{"start":{"line":24,"column":39},"end":{"line":24,"column":88}},"type":"binary-expr","locations":[{"start":{"line":24,"column":39},"end":{"line":24,"column":78}},{"start":{"line":24,"column":78},"end":{"line":24,"column":88}}],"line":24},"1":{"loc":{"start":{"line":28,"column":9},"end":{"line":28,"column":null}},"type":"cond-expr","locations":[{"start":{"line":28,"column":33},"end":{"line":28,"column":45}},{"start":{"line":28,"column":45},"end":{"line":28,"column":null}}],"line":28},"2":{"loc":{"start":{"line":94,"column":6},"end":{"line":98,"column":null}},"type":"if","locations":[{"start":{"line":94,"column":6},"end":{"line":98,"column":null}},{"start":{"line":96,"column":13},"end":{"line":98,"column":null}}],"line":94},"3":{"loc":{"start":{"line":94,"column":10},"end":{"line":94,"column":59}},"type":"binary-expr","locations":[{"start":{"line":94,"column":10},"end":{"line":94,"column":21}},{"start":{"line":94,"column":21},"end":{"line":94,"column":59}}],"line":94},"4":{"loc":{"start":{"line":149,"column":21},"end":{"line":149,"column":null}},"type":"binary-expr","locations":[{"start":{"line":149,"column":21},"end":{"line":149,"column":46}},{"start":{"line":149,"column":46},"end":{"line":149,"column":null}}],"line":149},"5":{"loc":{"start":{"line":154,"column":4},"end":{"line":161,"column":null}},"type":"if","locations":[{"start":{"line":154,"column":4},"end":{"line":161,"column":null}},{"start":{},"end":{}}],"line":154},"6":{"loc":{"start":{"line":163,"column":20},"end":{"line":163,"column":null}},"type":"binary-expr","locations":[{"start":{"line":163,"column":20},"end":{"line":163,"column":40}},{"start":{"line":163,"column":40},"end":{"line":163,"column":null}}],"line":163},"7":{"loc":{"start":{"line":165,"column":15},"end":{"line":165,"column":34}},"type":"cond-expr","locations":[{"start":{"line":165,"column":25},"end":{"line":165,"column":31}},{"start":{"line":165,"column":31},"end":{"line":165,"column":34}}],"line":165},"8":{"loc":{"start":{"line":168,"column":16},"end":{"line":168,"column":null}},"type":"cond-expr","locations":[{"start":{"line":168,"column":26},"end":{"line":168,"column":38}},{"start":{"line":168,"column":38},"end":{"line":168,"column":null}}],"line":168},"9":{"loc":{"start":{"line":189,"column":4},"end":{"line":191,"column":null}},"type":"if","locations":[{"start":{"line":189,"column":4},"end":{"line":191,"column":null}},{"start":{},"end":{}}],"line":189}},"s":{"0":9,"1":110,"2":110,"3":9,"4":9,"5":9,"6":9,"7":9,"8":9,"9":9,"10":9,"11":97,"12":97,"13":0,"14":9,"15":9,"16":9,"17":9,"18":9,"19":9,"20":9,"21":9,"22":9,"23":2,"24":2,"25":2,"26":2,"27":2,"28":2,"29":2,"30":0,"31":2,"32":2,"33":9,"34":9,"35":63,"36":21,"37":63,"38":9,"39":9,"40":9,"41":9,"42":9,"43":9,"44":9,"45":9,"46":4,"47":9,"48":9},"f":{"0":110,"1":9,"2":97,"3":2,"4":63,"5":4},"b":{"0":[9,9],"1":[0,110],"2":[97,0],"3":[97,1],"4":[2,0],"5":[2,0],"6":[2,2],"7":[2,0],"8":[2,0],"9":[21,42]},"meta":{"lastBranch":10,"lastFunction":6,"lastStatement":49,"seen":{"s:24:21:24:Infinity":0,"b:24:39:24:78:24:78:24:88":0,"f:26:9:26:19":0,"s:27:18:27:Infinity":1,"s:28:2:28:Infinity":2,"b:28:33:28:45:28:45:28:Infinity":1,"f:31:16:31:41":1,"s:32:14:32:22":3,"s:34:2:34:Infinity":4,"s:38:2:47:Infinity":5,"s:57:25:69:Infinity":6,"s:71:25:76:Infinity":7,"s:78:22:83:Infinity":8,"s:85:24:90:Infinity":9,"s:92:2:103:Infinity":10,"f:93:4:93:13":2,"b:94:6:98:Infinity:96:13:98:Infinity":2,"s:94:6:98:Infinity":11,"b:94:10:94:21:94:21:94:59":3,"s:95:8:95:Infinity":12,"s:97:8:97:Infinity":13,"s:107:2:107:Infinity":14,"s:109:2:109:Infinity":15,"s:119:2:119:Infinity":16,"s:120:2:120:Infinity":17,"s:128:2:128:Infinity":18,"s:129:2:129:Infinity":19,"s:130:2:130:Infinity":20,"s:140:44:145:Infinity":21,"s:147:2:175:Infinity":22,"f:147:25:147:32":3,"s:148:23:148:Infinity":23,"s:149:21:149:Infinity":24,"b:149:21:149:46:149:46:149:Infinity":4,"s:153:20:153:Infinity":25,"b:154:4:161:Infinity:undefined:undefined:undefined:undefined":5,"s:154:4:161:Infinity":26,"s:155:6:160:Infinity":27,"s:156:8:156:Infinity":28,"s:157:8:157:Infinity":29,"s:159:8:159:Infinity":30,"s:163:20:163:Infinity":31,"b:163:20:163:40:163:40:163:Infinity":6,"s:165:4:174:Infinity":32,"b:165:25:165:31:165:31:165:34":7,"b:168:26:168:38:168:38:168:Infinity":8,"s:177:2:177:Infinity":33,"s:188:8:193:Infinity":34,"f:188:8:188:39":4,"b:189:4:191:Infinity:undefined:undefined:undefined:undefined":9,"s:189:4:191:Infinity":35,"s:190:6:190:Infinity":36,"s:192:4:192:Infinity":37,"s:195:2:195:Infinity":38,"s:196:2:196:Infinity":39,"s:197:2:197:Infinity":40,"s:198:2:198:Infinity":41,"s:199:2:199:Infinity":42,"s:200:2:200:Infinity":43,"s:201:2:201:Infinity":44,"s:203:2:205:Infinity":45,"f:203:6:203:11":5,"s:204:4:204:Infinity":46,"s:207:2:207:Infinity":47,"s:209:2:209:Infinity":48}}}
,"/home/azaken/Desktop/ProjectCloudy/CloudyArtistAdminPage/API/src/seed.ts": {"path":"/home/azaken/Desktop/ProjectCloudy/CloudyArtistAdminPage/API/src/seed.ts","statementMap":{"0":{"start":{"line":7,"column":22},"end":{"line":98,"column":null}},"1":{"start":{"line":100,"column":24},"end":{"line":125,"column":null}},"2":{"start":{"line":127,"column":21},"end":{"line":149,"column":null}},"3":{"start":{"line":151,"column":20},"end":{"line":167,"column":null}},"4":{"start":{"line":169,"column":27},"end":{"line":200,"column":null}},"5":{"start":{"line":203,"column":17},"end":{"line":203,"column":null}},"6":{"start":{"line":204,"column":2},"end":{"line":204,"column":null}},"7":{"start":{"line":206,"column":2},"end":{"line":208,"column":null}},"8":{"start":{"line":209,"column":2},"end":{"line":209,"column":null}},"9":{"start":{"line":210,"column":2},"end":{"line":210,"column":null}},"10":{"start":{"line":211,"column":2},"end":{"line":211,"column":null}},"11":{"start":{"line":213,"column":2},"end":{"line":213,"column":null}},"12":{"start":{"line":214,"column":22},"end":{"line":214,"column":null}},"13":{"start":{"line":215,"column":2},"end":{"line":217,"column":null}},"14":{"start":{"line":216,"column":4},"end":{"line":216,"column":null}},"15":{"start":{"line":219,"column":2},"end":{"line":219,"column":null}},"16":{"start":{"line":220,"column":2},"end":{"line":220,"column":null}},"17":{"start":{"line":222,"column":2},"end":{"line":222,"column":null}},"18":{"start":{"line":223,"column":2},"end":{"line":223,"column":null}},"19":{"start":{"line":225,"column":2},"end":{"line":225,"column":null}},"20":{"start":{"line":226,"column":2},"end":{"line":226,"column":null}},"21":{"start":{"line":228,"column":2},"end":{"line":228,"column":null}},"22":{"start":{"line":229,"column":2},"end":{"line":229,"column":null}},"23":{"start":{"line":231,"column":2},"end":{"line":231,"column":null}},"24":{"start":{"line":232,"column":2},"end":{"line":232,"column":null}},"25":{"start":{"line":234,"column":2},"end":{"line":234,"column":null}},"26":{"start":{"line":235,"column":2},"end":{"line":235,"column":null}},"27":{"start":{"line":236,"column":2},"end":{"line":236,"column":null}},"28":{"start":{"line":237,"column":2},"end":{"line":237,"column":null}},"29":{"start":{"line":238,"column":2},"end":{"line":238,"column":null}},"30":{"start":{"line":239,"column":2},"end":{"line":239,"column":null}},"31":{"start":{"line":241,"column":2},"end":{"line":241,"column":null}},"32":{"start":{"line":242,"column":2},"end":{"line":242,"column":null}},"33":{"start":{"line":245,"column":0},"end":{"line":248,"column":null}},"34":{"start":{"line":246,"column":2},"end":{"line":246,"column":null}},"35":{"start":{"line":247,"column":2},"end":{"line":247,"column":null}}},"fnMap":{"0":{"name":"seed","decl":{"start":{"line":202,"column":15},"end":{"line":202,"column":37}},"loc":{"start":{"line":202,"column":37},"end":{"line":243,"column":null}},"line":202},"1":{"name":"(anonymous_1)","decl":{"start":{"line":245,"column":7},"end":{"line":245,"column":14}},"loc":{"start":{"line":245,"column":22},"end":{"line":248,"column":1}},"line":245}},"branchMap":{},"s":{"0":0,"1":0,"2":0,"3":0,"4":0,"5":0,"6":0,"7":0,"8":0,"9":0,"10":0,"11":0,"12":0,"13":0,"14":0,"15":0,"16":0,"17":0,"18":0,"19":0,"20":0,"21":0,"22":0,"23":0,"24":0,"25":0,"26":0,"27":0,"28":0,"29":0,"30":0,"31":0,"32":0,"33":0,"34":0,"35":0},"f":{"0":0,"1":0},"b":{},"meta":{"lastBranch":0,"lastFunction":2,"lastStatement":36,"seen":{"s:7:22:98:Infinity":0,"s:100:24:125:Infinity":1,"s:127:21:149:Infinity":2,"s:151:20:167:Infinity":3,"s:169:27:200:Infinity":4,"f:202:15:202:37":0,"s:203:17:203:Infinity":5,"s:204:2:204:Infinity":6,"s:206:2:208:Infinity":7,"s:209:2:209:Infinity":8,"s:210:2:210:Infinity":9,"s:211:2:211:Infinity":10,"s:213:2:213:Infinity":11,"s:214:22:214:Infinity":12,"s:215:2:217:Infinity":13,"s:216:4:216:Infinity":14,"s:219:2:219:Infinity":15,"s:220:2:220:Infinity":16,"s:222:2:222:Infinity":17,"s:223:2:223:Infinity":18,"s:225:2:225:Infinity":19,"s:226:2:226:Infinity":20,"s:228:2:228:Infinity":21,"s:229:2:229:Infinity":22,"s:231:2:231:Infinity":23,"s:232:2:232:Infinity":24,"s:234:2:234:Infinity":25,"s:235:2:235:Infinity":26,"s:236:2:236:Infinity":27,"s:237:2:237:Infinity":28,"s:238:2:238:Infinity":29,"s:239:2:239:Infinity":30,"s:241:2:241:Infinity":31,"s:242:2:242:Infinity":32,"s:245:0:248:Infinity":33,"f:245:7:245:14":1,"s:246:2:246:Infinity":34,"s:247:2:247:Infinity":35}}}
,"/home/azaken/Desktop/ProjectCloudy/CloudyArtistAdminPage/API/src/config/cloudinary.ts": {"path":"/home/azaken/Desktop/ProjectCloudy/CloudyArtistAdminPage/API/src/config/cloudinary.ts","statementMap":{"0":{"start":{"line":4,"column":0},"end":{"line":8,"column":null}}},"fnMap":{},"branchMap":{},"s":{"0":9},"f":{},"b":{},"meta":{"lastBranch":0,"lastFunction":0,"lastStatement":1,"seen":{"s:4:0:8:Infinity":0}}}
,"/home/azaken/Desktop/ProjectCloudy/CloudyArtistAdminPage/API/src/config/db.ts": {"path":"/home/azaken/Desktop/ProjectCloudy/CloudyArtistAdminPage/API/src/config/db.ts","statementMap":{"0":{"start":{"line":6,"column":2},"end":{"line":23,"column":null}},"1":{"start":{"line":7,"column":23},"end":{"line":7,"column":null}},"2":{"start":{"line":9,"column":4},"end":{"line":9,"column":null}},"3":{"start":{"line":11,"column":4},"end":{"line":13,"column":null}},"4":{"start":{"line":12,"column":6},"end":{"line":12,"column":null}},"5":{"start":{"line":15,"column":4},"end":{"line":17,"column":null}},"6":{"start":{"line":16,"column":6},"end":{"line":16,"column":null}},"7":{"start":{"line":19,"column":4},"end":{"line":19,"column":null}},"8":{"start":{"line":21,"column":4},"end":{"line":21,"column":null}},"9":{"start":{"line":22,"column":4},"end":{"line":22,"column":null}},"10":{"start":{"line":27,"column":2},"end":{"line":27,"column":null}},"11":{"start":{"line":28,"column":2},"end":{"line":28,"column":null}}},"fnMap":{"0":{"name":"connectDB","decl":{"start":{"line":5,"column":22},"end":{"line":5,"column":60}},"loc":{"start":{"line":5,"column":60},"end":{"line":24,"column":null}},"line":5},"1":{"name":"(anonymous_1)","decl":{"start":{"line":11,"column":27},"end":{"line":11,"column":37}},"loc":{"start":{"line":11,"column":45},"end":{"line":13,"column":5}},"line":11},"2":{"name":"(anonymous_2)","decl":{"start":{"line":15,"column":27},"end":{"line":15,"column":49}},"loc":{"start":{"line":15,"column":49},"end":{"line":17,"column":5}},"line":15},"3":{"name":"disconnectDB","decl":{"start":{"line":26,"column":22},"end":{"line":26,"column":52}},"loc":{"start":{"line":26,"column":52},"end":{"line":29,"column":null}},"line":26}},"branchMap":{},"s":{"0":0,"1":0,"2":0,"3":0,"4":0,"5":0,"6":0,"7":0,"8":0,"9":0,"10":0,"11":0},"f":{"0":0,"1":0,"2":0,"3":0},"b":{},"meta":{"lastBranch":0,"lastFunction":4,"lastStatement":12,"seen":{"f:5:22:5:60":0,"s:6:2:23:Infinity":0,"s:7:23:7:Infinity":1,"s:9:4:9:Infinity":2,"s:11:4:13:Infinity":3,"f:11:27:11:37":1,"s:12:6:12:Infinity":4,"s:15:4:17:Infinity":5,"f:15:27:15:49":2,"s:16:6:16:Infinity":6,"s:19:4:19:Infinity":7,"s:21:4:21:Infinity":8,"s:22:4:22:Infinity":9,"f:26:22:26:52":3,"s:27:2:27:Infinity":10,"s:28:2:28:Infinity":11}}}
,"/home/azaken/Desktop/ProjectCloudy/CloudyArtistAdminPage/API/src/config/env.ts": {"path":"/home/azaken/Desktop/ProjectCloudy/CloudyArtistAdminPage/API/src/config/env.ts","statementMap":{"0":{"start":{"line":4,"column":16},"end":{"line":4,"column":null}},"1":{"start":{"line":5,"column":2},"end":{"line":7,"column":null}},"2":{"start":{"line":6,"column":4},"end":{"line":6,"column":null}},"3":{"start":{"line":8,"column":2},"end":{"line":8,"column":null}},"4":{"start":{"line":12,"column":2},"end":{"line":12,"column":null}},"5":{"start":{"line":15,"column":19},"end":{"line":71,"column":null}},"6":{"start":{"line":17,"column":4},"end":{"line":17,"column":null}},"7":{"start":{"line":20,"column":4},"end":{"line":20,"column":null}},"8":{"start":{"line":24,"column":4},"end":{"line":24,"column":null}},"9":{"start":{"line":28,"column":4},"end":{"line":28,"column":null}},"10":{"start":{"line":31,"column":4},"end":{"line":31,"column":null}},"11":{"start":{"line":34,"column":4},"end":{"line":34,"column":null}},"12":{"start":{"line":37,"column":4},"end":{"line":37,"column":null}},"13":{"start":{"line":40,"column":4},"end":{"line":43,"column":null}},"14":{"start":{"line":42,"column":19},"end":{"line":42,"column":28}},"15":{"start":{"line":47,"column":4},"end":{"line":47,"column":null}},"16":{"start":{"line":50,"column":4},"end":{"line":50,"column":null}},"17":{"start":{"line":53,"column":4},"end":{"line":53,"column":null}},"18":{"start":{"line":57,"column":4},"end":{"line":57,"column":null}},"19":{"start":{"line":61,"column":20},"end":{"line":61,"column":null}},"20":{"start":{"line":62,"column":4},"end":{"line":64,"column":null}},"21":{"start":{"line":63,"column":6},"end":{"line":63,"column":null}},"22":{"start":{"line":63,"column":43},"end":{"line":63,"column":51}},"23":{"start":{"line":65,"column":4},"end":{"line":65,"column":null}},"24":{"start":{"line":69,"column":4},"end":{"line":69,"column":null}},"25":{"start":{"line":85,"column":41},"end":{"line":95,"column":null}},"26":{"start":{"line":97,"column":28},"end":{"line":97,"column":null}},"27":{"start":{"line":99,"column":2},"end":{"line":105,"column":null}},"28":{"start":{"line":100,"column":4},"end":{"line":104,"column":null}},"29":{"start":{"line":101,"column":6},"end":{"line":101,"column":null}},"30":{"start":{"line":103,"column":6},"end":{"line":103,"column":null}},"31":{"start":{"line":107,"column":2},"end":{"line":111,"column":null}},"32":{"start":{"line":108,"column":4},"end":{"line":110,"column":null}}},"fnMap":{"0":{"name":"requireEnv","decl":{"start":{"line":3,"column":9},"end":{"line":3,"column":20}},"loc":{"start":{"line":3,"column":41},"end":{"line":9,"column":null}},"line":3},"1":{"name":"optionalEnv","decl":{"start":{"line":11,"column":9},"end":{"line":11,"column":21}},"loc":{"start":{"line":11,"column":60},"end":{"line":13,"column":null}},"line":11},"2":{"name":"(anonymous_2)","decl":{"start":{"line":16,"column":6},"end":{"line":16,"column":21}},"loc":{"start":{"line":16,"column":21},"end":{"line":18,"column":null}},"line":16},"3":{"name":"(anonymous_3)","decl":{"start":{"line":19,"column":6},"end":{"line":19,"column":56}},"loc":{"start":{"line":19,"column":56},"end":{"line":21,"column":null}},"line":19},"4":{"name":"(anonymous_4)","decl":{"start":{"line":23,"column":6},"end":{"line":23,"column":26}},"loc":{"start":{"line":23,"column":26},"end":{"line":25,"column":null}},"line":23},"5":{"name":"(anonymous_5)","decl":{"start":{"line":27,"column":6},"end":{"line":27,"column":27}},"loc":{"start":{"line":27,"column":27},"end":{"line":29,"column":null}},"line":27},"6":{"name":"(anonymous_6)","decl":{"start":{"line":30,"column":6},"end":{"line":30,"column":34}},"loc":{"start":{"line":30,"column":34},"end":{"line":32,"column":null}},"line":30},"7":{"name":"(anonymous_7)","decl":{"start":{"line":33,"column":6},"end":{"line":33,"column":38}},"loc":{"start":{"line":33,"column":38},"end":{"line":35,"column":null}},"line":33},"8":{"name":"(anonymous_8)","decl":{"start":{"line":36,"column":6},"end":{"line":36,"column":37}},"loc":{"start":{"line":36,"column":37},"end":{"line":38,"column":null}},"line":36},"9":{"name":"(anonymous_9)","decl":{"start":{"line":39,"column":6},"end":{"line":39,"column":38}},"loc":{"start":{"line":39,"column":38},"end":{"line":44,"column":null}},"line":39},"10":{"name":"(anonymous_10)","decl":{"start":{"line":42,"column":7},"end":{"line":42,"column":12}},"loc":{"start":{"line":42,"column":19},"end":{"line":42,"column":28}},"line":42},"11":{"name":"(anonymous_11)","decl":{"start":{"line":46,"column":6},"end":{"line":46,"column":38}},"loc":{"start":{"line":46,"column":38},"end":{"line":48,"column":null}},"line":46},"12":{"name":"(anonymous_12)","decl":{"start":{"line":49,"column":6},"end":{"line":49,"column":35}},"loc":{"start":{"line":49,"column":35},"end":{"line":51,"column":null}},"line":49},"13":{"name":"(anonymous_13)","decl":{"start":{"line":52,"column":6},"end":{"line":52,"column":38}},"loc":{"start":{"line":52,"column":38},"end":{"line":54,"column":null}},"line":52},"14":{"name":"(anonymous_14)","decl":{"start":{"line":56,"column":6},"end":{"line":56,"column":27}},"loc":{"start":{"line":56,"column":27},"end":{"line":58,"column":null}},"line":56},"15":{"name":"(anonymous_15)","decl":{"start":{"line":60,"column":6},"end":{"line":60,"column":34}},"loc":{"start":{"line":60,"column":34},"end":{"line":66,"column":null}},"line":60},"16":{"name":"(anonymous_16)","decl":{"start":{"line":63,"column":32},"end":{"line":63,"column":37}},"loc":{"start":{"line":63,"column":43},"end":{"line":63,"column":51}},"line":63},"17":{"name":"(anonymous_17)","decl":{"start":{"line":68,"column":6},"end":{"line":68,"column":31}},"loc":{"start":{"line":68,"column":31},"end":{"line":70,"column":null}},"line":68},"18":{"name":"validateEnv","decl":{"start":{"line":84,"column":16},"end":{"line":84,"column":36}},"loc":{"start":{"line":84,"column":36},"end":{"line":112,"column":null}},"line":84}},"branchMap":{"0":{"loc":{"start":{"line":5,"column":2},"end":{"line":7,"column":null}},"type":"if","locations":[{"start":{"line":5,"column":2},"end":{"line":7,"column":null}},{"start":{},"end":{}}],"line":5},"1":{"loc":{"start":{"line":12,"column":9},"end":{"line":12,"column":null}},"type":"binary-expr","locations":[{"start":{"line":12,"column":9},"end":{"line":12,"column":29}},{"start":{"line":12,"column":29},"end":{"line":12,"column":null}}],"line":12},"2":{"loc":{"start":{"line":62,"column":4},"end":{"line":64,"column":null}},"type":"if","locations":[{"start":{"line":62,"column":4},"end":{"line":64,"column":null}},{"start":{},"end":{}}],"line":62},"3":{"loc":{"start":{"line":107,"column":2},"end":{"line":111,"column":null}},"type":"if","locations":[{"start":{"line":107,"column":2},"end":{"line":111,"column":null}},{"start":{},"end":{}}],"line":107},"4":{"loc":{"start":{"line":109,"column":52},"end":{"line":109,"column":82}},"type":"cond-expr","locations":[{"start":{"line":109,"column":73},"end":{"line":109,"column":79}},{"start":{"line":109,"column":79},"end":{"line":109,"column":82}}],"line":109}},"s":{"0":115,"1":115,"2":0,"3":115,"4":39,"5":11,"6":0,"7":30,"8":0,"9":47,"10":16,"11":6,"12":16,"13":3,"14":6,"15":9,"16":9,"17":9,"18":9,"19":1,"20":1,"21":1,"22":1,"23":0,"24":28,"25":0,"26":0,"27":0,"28":0,"29":0,"30":0,"31":0,"32":0},"f":{"0":115,"1":39,"2":0,"3":30,"4":0,"5":47,"6":16,"7":6,"8":16,"9":3,"10":6,"11":9,"12":9,"13":9,"14":9,"15":1,"16":1,"17":28,"18":0},"b":{"0":[0,115],"1":[39,0],"2":[1,0],"3":[0,0],"4":[0,0]},"meta":{"lastBranch":5,"lastFunction":19,"lastStatement":33,"seen":{"f:3:9:3:20":0,"s:4:16:4:Infinity":0,"b:5:2:7:Infinity:undefined:undefined:undefined:undefined":0,"s:5:2:7:Infinity":1,"s:6:4:6:Infinity":2,"s:8:2:8:Infinity":3,"f:11:9:11:21":1,"s:12:2:12:Infinity":4,"b:12:9:12:29:12:29:12:Infinity":1,"s:15:19:71:Infinity":5,"f:16:6:16:21":2,"s:17:4:17:Infinity":6,"f:19:6:19:56":3,"s:20:4:20:Infinity":7,"f:23:6:23:26":4,"s:24:4:24:Infinity":8,"f:27:6:27:27":5,"s:28:4:28:Infinity":9,"f:30:6:30:34":6,"s:31:4:31:Infinity":10,"f:33:6:33:38":7,"s:34:4:34:Infinity":11,"f:36:6:36:37":8,"s:37:4:37:Infinity":12,"f:39:6:39:38":9,"s:40:4:43:Infinity":13,"f:42:7:42:12":10,"s:42:19:42:28":14,"f:46:6:46:38":11,"s:47:4:47:Infinity":15,"f:49:6:49:35":12,"s:50:4:50:Infinity":16,"f:52:6:52:38":13,"s:53:4:53:Infinity":17,"f:56:6:56:27":14,"s:57:4:57:Infinity":18,"f:60:6:60:34":15,"s:61:20:61:Infinity":19,"b:62:4:64:Infinity:undefined:undefined:undefined:undefined":2,"s:62:4:64:Infinity":20,"s:63:6:63:Infinity":21,"f:63:32:63:37":16,"s:63:43:63:51":22,"s:65:4:65:Infinity":23,"f:68:6:68:31":17,"s:69:4:69:Infinity":24,"f:84:16:84:36":18,"s:85:41:95:Infinity":25,"s:97:28:97:Infinity":26,"s:99:2:105:Infinity":27,"s:100:4:104:Infinity":28,"s:101:6:101:Infinity":29,"s:103:6:103:Infinity":30,"b:107:2:111:Infinity:undefined:undefined:undefined:undefined":3,"s:107:2:111:Infinity":31,"s:108:4:110:Infinity":32,"b:109:73:109:79:109:79:109:82":4}}}
,"/home/azaken/Desktop/ProjectCloudy/CloudyArtistAdminPage/API/src/middleware/auth.ts": {"path":"/home/azaken/Desktop/ProjectCloudy/CloudyArtistAdminPage/API/src/middleware/auth.ts","statementMap":{"0":{"start":{"line":8,"column":36},"end":{"line":8,"column":null}},"1":{"start":{"line":10,"column":2},"end":{"line":12,"column":null}},"2":{"start":{"line":11,"column":4},"end":{"line":11,"column":null}},"3":{"start":{"line":14,"column":2},"end":{"line":33,"column":null}},"4":{"start":{"line":15,"column":20},"end":{"line":15,"column":null}},"5":{"start":{"line":17,"column":4},"end":{"line":22,"column":null}},"6":{"start":{"line":24,"column":4},"end":{"line":24,"column":null}},"7":{"start":{"line":26,"column":4},"end":{"line":28,"column":null}},"8":{"start":{"line":27,"column":6},"end":{"line":27,"column":null}},"9":{"start":{"line":29,"column":4},"end":{"line":31,"column":null}},"10":{"start":{"line":30,"column":6},"end":{"line":30,"column":null}},"11":{"start":{"line":32,"column":4},"end":{"line":32,"column":null}}},"fnMap":{"0":{"name":"requireAuth","decl":{"start":{"line":7,"column":16},"end":{"line":7,"column":28}},"loc":{"start":{"line":7,"column":84},"end":{"line":34,"column":null}},"line":7}},"branchMap":{"0":{"loc":{"start":{"line":10,"column":2},"end":{"line":12,"column":null}},"type":"if","locations":[{"start":{"line":10,"column":2},"end":{"line":12,"column":null}},{"start":{},"end":{}}],"line":10},"1":{"loc":{"start":{"line":26,"column":4},"end":{"line":28,"column":null}},"type":"if","locations":[{"start":{"line":26,"column":4},"end":{"line":28,"column":null}},{"start":{},"end":{}}],"line":26},"2":{"loc":{"start":{"line":29,"column":4},"end":{"line":31,"column":null}},"type":"if","locations":[{"start":{"line":29,"column":4},"end":{"line":31,"column":null}},{"start":{},"end":{}}],"line":29}},"s":{"0":57,"1":57,"2":12,"3":45,"4":45,"5":45,"6":45,"7":5,"8":2,"9":3,"10":3,"11":0},"f":{"0":57},"b":{"0":[12,45],"1":[2,3],"2":[3,0]},"meta":{"lastBranch":3,"lastFunction":1,"lastStatement":12,"seen":{"f:7:16:7:28":0,"s:8:36:8:Infinity":0,"b:10:2:12:Infinity:undefined:undefined:undefined:undefined":0,"s:10:2:12:Infinity":1,"s:11:4:11:Infinity":2,"s:14:2:33:Infinity":3,"s:15:20:15:Infinity":4,"s:17:4:22:Infinity":5,"s:24:4:24:Infinity":6,"b:26:4:28:Infinity:undefined:undefined:undefined:undefined":1,"s:26:4:28:Infinity":7,"s:27:6:27:Infinity":8,"b:29:4:31:Infinity:undefined:undefined:undefined:undefined":2,"s:29:4:31:Infinity":9,"s:30:6:30:Infinity":10,"s:32:4:32:Infinity":11}}}
,"/home/azaken/Desktop/ProjectCloudy/CloudyArtistAdminPage/API/src/middleware/errorHandler.ts": {"path":"/home/azaken/Desktop/ProjectCloudy/CloudyArtistAdminPage/API/src/middleware/errorHandler.ts","statementMap":{"0":{"start":{"line":20,"column":2},"end":{"line":30,"column":null}},"1":{"start":{"line":21,"column":36},"end":{"line":27,"column":null}},"2":{"start":{"line":28,"column":4},"end":{"line":28,"column":null}},"3":{"start":{"line":29,"column":4},"end":{"line":29,"column":null}},"4":{"start":{"line":32,"column":2},"end":{"line":42,"column":null}},"5":{"start":{"line":33,"column":36},"end":{"line":39,"column":null}},"6":{"start":{"line":40,"column":4},"end":{"line":40,"column":null}},"7":{"start":{"line":41,"column":4},"end":{"line":41,"column":null}},"8":{"start":{"line":50,"column":21},"end":{"line":50,"column":null}},"9":{"start":{"line":51,"column":2},"end":{"line":60,"column":null}},"10":{"start":{"line":52,"column":4},"end":{"line":58,"column":null}},"11":{"start":{"line":59,"column":4},"end":{"line":59,"column":null}},"12":{"start":{"line":62,"column":2},"end":{"line":71,"column":null}},"13":{"start":{"line":63,"column":4},"end":{"line":69,"column":null}},"14":{"start":{"line":70,"column":4},"end":{"line":70,"column":null}},"15":{"start":{"line":73,"column":2},"end":{"line":83,"column":null}},"16":{"start":{"line":74,"column":36},"end":{"line":80,"column":null}},"17":{"start":{"line":81,"column":4},"end":{"line":81,"column":null}},"18":{"start":{"line":82,"column":4},"end":{"line":82,"column":null}},"19":{"start":{"line":85,"column":2},"end":{"line":100,"column":null}},"20":{"start":{"line":86,"column":4},"end":{"line":88,"column":null}},"21":{"start":{"line":87,"column":6},"end":{"line":87,"column":null}},"22":{"start":{"line":90,"column":36},"end":{"line":97,"column":null}},"23":{"start":{"line":98,"column":4},"end":{"line":98,"column":null}},"24":{"start":{"line":99,"column":4},"end":{"line":99,"column":null}},"25":{"start":{"line":102,"column":2},"end":{"line":102,"column":null}},"26":{"start":{"line":104,"column":34},"end":{"line":113,"column":null}},"27":{"start":{"line":114,"column":2},"end":{"line":114,"column":null}}},"fnMap":{"0":{"name":"errorHandler","decl":{"start":{"line":14,"column":16},"end":{"line":14,"column":null}},"loc":{"start":{"line":19,"column":8},"end":{"line":115,"column":null}},"line":19}},"branchMap":{"0":{"loc":{"start":{"line":20,"column":2},"end":{"line":30,"column":null}},"type":"if","locations":[{"start":{"line":20,"column":2},"end":{"line":30,"column":null}},{"start":{},"end":{}}],"line":20},"1":{"loc":{"start":{"line":32,"column":2},"end":{"line":42,"column":null}},"type":"if","locations":[{"start":{"line":32,"column":2},"end":{"line":42,"column":null}},{"start":{},"end":{}}],"line":32},"2":{"loc":{"start":{"line":51,"column":2},"end":{"line":60,"column":null}},"type":"if","locations":[{"start":{"line":51,"column":2},"end":{"line":60,"column":null}},{"start":{},"end":{}}],"line":51},"3":{"loc":{"start":{"line":62,"column":2},"end":{"line":71,"column":null}},"type":"if","locations":[{"start":{"line":62,"column":2},"end":{"line":71,"column":null}},{"start":{},"end":{}}],"line":62},"4":{"loc":{"start":{"line":73,"column":2},"end":{"line":83,"column":null}},"type":"if","locations":[{"start":{"line":73,"column":2},"end":{"line":83,"column":null}},{"start":{},"end":{}}],"line":73},"5":{"loc":{"start":{"line":73,"column":6},"end":{"line":73,"column":72}},"type":"binary-expr","locations":[{"start":{"line":73,"column":6},"end":{"line":73,"column":24}},{"start":{"line":73,"column":24},"end":{"line":73,"column":72}}],"line":73},"6":{"loc":{"start":{"line":85,"column":2},"end":{"line":100,"column":null}},"type":"if","locations":[{"start":{"line":85,"column":2},"end":{"line":100,"column":null}},{"start":{},"end":{}}],"line":85},"7":{"loc":{"start":{"line":86,"column":4},"end":{"line":88,"column":null}},"type":"if","locations":[{"start":{"line":86,"column":4},"end":{"line":88,"column":null}},{"start":{},"end":{}}],"line":86},"8":{"loc":{"start":{"line":95,"column":8},"end":{"line":95,"column":null}},"type":"binary-expr","locations":[{"start":{"line":95,"column":8},"end":{"line":95,"column":53}},{"start":{"line":95,"column":53},"end":{"line":95,"column":null}}],"line":95},"9":{"loc":{"start":{"line":108,"column":6},"end":{"line":110,"column":null}},"type":"cond-expr","locations":[{"start":{"line":109,"column":10},"end":{"line":109,"column":null}},{"start":{"line":110,"column":10},"end":{"line":110,"column":null}}],"line":108},"10":{"loc":{"start":{"line":111,"column":6},"end":{"line":111,"column":null}},"type":"binary-expr","locations":[{"start":{"line":111,"column":6},"end":{"line":111,"column":51}},{"start":{"line":111,"column":51},"end":{"line":111,"column":null}}],"line":111}},"s":{"0":42,"1":4,"2":4,"3":4,"4":38,"5":2,"6":2,"7":2,"8":36,"9":36,"10":1,"11":1,"12":35,"13":1,"14":1,"15":34,"16":1,"17":1,"18":1,"19":33,"20":30,"21":1,"22":30,"23":30,"24":30,"25":3,"26":3,"27":42},"f":{"0":42},"b":{"0":[4,38],"1":[2,36],"2":[1,35],"3":[1,34],"4":[1,33],"5":[34,31],"6":[30,3],"7":[1,29],"8":[30,30],"9":[1,2],"10":[42,2]},"meta":{"lastBranch":11,"lastFunction":1,"lastStatement":28,"seen":{"f:14:16:14:Infinity":0,"b:20:2:30:Infinity:undefined:undefined:undefined:undefined":0,"s:20:2:30:Infinity":0,"s:21:36:27:Infinity":1,"s:28:4:28:Infinity":2,"s:29:4:29:Infinity":3,"b:32:2:42:Infinity:undefined:undefined:undefined:undefined":1,"s:32:2:42:Infinity":4,"s:33:36:39:Infinity":5,"s:40:4:40:Infinity":6,"s:41:4:41:Infinity":7,"s:50:21:50:Infinity":8,"b:51:2:60:Infinity:undefined:undefined:undefined:undefined":2,"s:51:2:60:Infinity":9,"s:52:4:58:Infinity":10,"s:59:4:59:Infinity":11,"b:62:2:71:Infinity:undefined:undefined:undefined:undefined":3,"s:62:2:71:Infinity":12,"s:63:4:69:Infinity":13,"s:70:4:70:Infinity":14,"b:73:2:83:Infinity:undefined:undefined:undefined:undefined":4,"s:73:2:83:Infinity":15,"b:73:6:73:24:73:24:73:72":5,"s:74:36:80:Infinity":16,"s:81:4:81:Infinity":17,"s:82:4:82:Infinity":18,"b:85:2:100:Infinity:undefined:undefined:undefined:undefined":6,"s:85:2:100:Infinity":19,"b:86:4:88:Infinity:undefined:undefined:undefined:undefined":7,"s:86:4:88:Infinity":20,"s:87:6:87:Infinity":21,"s:90:36:97:Infinity":22,"b:95:8:95:53:95:53:95:Infinity":8,"s:98:4:98:Infinity":23,"s:99:4:99:Infinity":24,"s:102:2:102:Infinity":25,"s:104:34:113:Infinity":26,"b:109:10:109:Infinity:110:10:110:Infinity":9,"b:111:6:111:51:111:51:111:Infinity":10,"s:114:2:114:Infinity":27}}}
,"/home/azaken/Desktop/ProjectCloudy/CloudyArtistAdminPage/API/src/middleware/upload.ts": {"path":"/home/azaken/Desktop/ProjectCloudy/CloudyArtistAdminPage/API/src/middleware/upload.ts","statementMap":{"0":{"start":{"line":4,"column":27},"end":{"line":12,"column":null}},"1":{"start":{"line":14,"column":22},"end":{"line":14,"column":null}},"2":{"start":{"line":16,"column":22},"end":{"line":26,"column":null}},"3":{"start":{"line":20,"column":4},"end":{"line":24,"column":null}},"4":{"start":{"line":21,"column":6},"end":{"line":21,"column":null}},"5":{"start":{"line":23,"column":6},"end":{"line":23,"column":null}}},"fnMap":{"0":{"name":"(anonymous_0)","decl":{"start":{"line":19,"column":2},"end":{"line":19,"column":15}},"loc":{"start":{"line":19,"column":34},"end":{"line":25,"column":null}},"line":19}},"branchMap":{"0":{"loc":{"start":{"line":20,"column":4},"end":{"line":24,"column":null}},"type":"if","locations":[{"start":{"line":20,"column":4},"end":{"line":24,"column":null}},{"start":{"line":22,"column":11},"end":{"line":24,"column":null}}],"line":20}},"s":{"0":9,"1":9,"2":9,"3":1,"4":1,"5":0},"f":{"0":1},"b":{"0":[1,0]},"meta":{"lastBranch":1,"lastFunction":1,"lastStatement":6,"seen":{"s:4:27:12:Infinity":0,"s:14:22:14:Infinity":1,"s:16:22:26:Infinity":2,"f:19:2:19:15":0,"b:20:4:24:Infinity:22:11:24:Infinity":0,"s:20:4:24:Infinity":3,"s:21:6:21:Infinity":4,"s:23:6:23:Infinity":5}}}
,"/home/azaken/Desktop/ProjectCloudy/CloudyArtistAdminPage/API/src/models/Artwork.ts": {"path":"/home/azaken/Desktop/ProjectCloudy/CloudyArtistAdminPage/API/src/models/Artwork.ts","statementMap":{"0":{"start":{"line":14,"column":22},"end":{"line":54,"column":null}},"1":{"start":{"line":56,"column":23},"end":{"line":56,"column":null}}},"fnMap":{},"branchMap":{},"s":{"0":14,"1":14},"f":{},"b":{},"meta":{"lastBranch":0,"lastFunction":0,"lastStatement":2,"seen":{"s:14:22:54:Infinity":0,"s:56:23:56:Infinity":1}}}
,"/home/azaken/Desktop/ProjectCloudy/CloudyArtistAdminPage/API/src/models/CommissionTier.ts": {"path":"/home/azaken/Desktop/ProjectCloudy/CloudyArtistAdminPage/API/src/models/CommissionTier.ts","statementMap":{"0":{"start":{"line":13,"column":29},"end":{"line":49,"column":null}},"1":{"start":{"line":51,"column":30},"end":{"line":51,"column":null}}},"fnMap":{},"branchMap":{},"s":{"0":14,"1":14},"f":{},"b":{},"meta":{"lastBranch":0,"lastFunction":0,"lastStatement":2,"seen":{"s:13:29:49:Infinity":0,"s:51:30:51:Infinity":1}}}
,"/home/azaken/Desktop/ProjectCloudy/CloudyArtistAdminPage/API/src/models/FaqItem.ts": {"path":"/home/azaken/Desktop/ProjectCloudy/CloudyArtistAdminPage/API/src/models/FaqItem.ts","statementMap":{"0":{"start":{"line":11,"column":22},"end":{"line":35,"column":null}},"1":{"start":{"line":37,"column":23},"end":{"line":37,"column":null}}},"fnMap":{},"branchMap":{},"s":{"0":14,"1":14},"f":{},"b":{},"meta":{"lastBranch":0,"lastFunction":0,"lastStatement":2,"seen":{"s:11:22:35:Infinity":0,"s:37:23:37:Infinity":1}}}
,"/home/azaken/Desktop/ProjectCloudy/CloudyArtistAdminPage/API/src/models/GlobalConfig.ts": {"path":"/home/azaken/Desktop/ProjectCloudy/CloudyArtistAdminPage/API/src/models/GlobalConfig.ts","statementMap":{"0":{"start":{"line":28,"column":24},"end":{"line":36,"column":null}},"1":{"start":{"line":38,"column":29},"end":{"line":45,"column":null}},"2":{"start":{"line":47,"column":24},"end":{"line":56,"column":null}},"3":{"start":{"line":58,"column":22},"end":{"line":65,"column":null}},"4":{"start":{"line":67,"column":25},"end":{"line":75,"column":null}},"5":{"start":{"line":77,"column":27},"end":{"line":152,"column":null}},"6":{"start":{"line":154,"column":28},"end":{"line":154,"column":null}}},"fnMap":{},"branchMap":{},"s":{"0":14,"1":14,"2":14,"3":14,"4":14,"5":14,"6":14},"f":{},"b":{},"meta":{"lastBranch":0,"lastFunction":0,"lastStatement":7,"seen":{"s:28:24:36:Infinity":0,"s:38:29:45:Infinity":1,"s:47:24:56:Infinity":2,"s:58:22:65:Infinity":3,"s:67:25:75:Infinity":4,"s:77:27:152:Infinity":5,"s:154:28:154:Infinity":6}}}
,"/home/azaken/Desktop/ProjectCloudy/CloudyArtistAdminPage/API/src/models/TosSection.ts": {"path":"/home/azaken/Desktop/ProjectCloudy/CloudyArtistAdminPage/API/src/models/TosSection.ts","statementMap":{"0":{"start":{"line":14,"column":25},"end":{"line":48,"column":null}},"1":{"start":{"line":34,"column":38},"end":{"line":34,"column":null}},"2":{"start":{"line":50,"column":26},"end":{"line":50,"column":null}}},"fnMap":{"0":{"name":"(anonymous_0)","decl":{"start":{"line":34,"column":8},"end":{"line":34,"column":20}},"loc":{"start":{"line":34,"column":38},"end":{"line":34,"column":null}},"line":34}},"branchMap":{},"s":{"0":14,"1":20,"2":14},"f":{"0":20},"b":{},"meta":{"lastBranch":0,"lastFunction":1,"lastStatement":3,"seen":{"s:14:25:48:Infinity":0,"f:34:8:34:20":0,"s:34:38:34:Infinity":1,"s:50:26:50:Infinity":2}}}
,"/home/azaken/Desktop/ProjectCloudy/CloudyArtistAdminPage/API/src/models/index.ts": {"path":"/home/azaken/Desktop/ProjectCloudy/CloudyArtistAdminPage/API/src/models/index.ts","statementMap":{},"fnMap":{},"branchMap":{},"s":{},"f":{},"b":{},"meta":{"lastBranch":0,"lastFunction":0,"lastStatement":0,"seen":{}}}
,"/home/azaken/Desktop/ProjectCloudy/CloudyArtistAdminPage/API/src/routes/artworks.ts": {"path":"/home/azaken/Desktop/ProjectCloudy/CloudyArtistAdminPage/API/src/routes/artworks.ts","statementMap":{"0":{"start":{"line":7,"column":15},"end":{"line":7,"column":22}},"1":{"start":{"line":9,"column":0},"end":{"line":12,"column":null}},"2":{"start":{"line":10,"column":19},"end":{"line":10,"column":null}},"3":{"start":{"line":11,"column":2},"end":{"line":11,"column":null}},"4":{"start":{"line":14,"column":0},"end":{"line":22,"column":null}},"5":{"start":{"line":15,"column":18},"end":{"line":15,"column":null}},"6":{"start":{"line":17,"column":2},"end":{"line":19,"column":null}},"7":{"start":{"line":18,"column":4},"end":{"line":18,"column":null}},"8":{"start":{"line":21,"column":2},"end":{"line":21,"column":null}},"9":{"start":{"line":24,"column":0},"end":{"line":27,"column":null}},"10":{"start":{"line":25,"column":18},"end":{"line":25,"column":null}},"11":{"start":{"line":26,"column":2},"end":{"line":26,"column":null}},"12":{"start":{"line":29,"column":0},"end":{"line":42,"column":null}},"13":{"start":{"line":30,"column":16},"end":{"line":30,"column":null}},"14":{"start":{"line":32,"column":21},"end":{"line":37,"column":null}},"15":{"start":{"line":32,"column":55},"end":{"line":37,"column":4}},"16":{"start":{"line":39,"column":2},"end":{"line":39,"column":null}},"17":{"start":{"line":40,"column":19},"end":{"line":40,"column":null}},"18":{"start":{"line":41,"column":2},"end":{"line":41,"column":null}},"19":{"start":{"line":44,"column":0},"end":{"line":56,"column":null}},"20":{"start":{"line":45,"column":18},"end":{"line":49,"column":null}},"21":{"start":{"line":51,"column":2},"end":{"line":53,"column":null}},"22":{"start":{"line":52,"column":4},"end":{"line":52,"column":null}},"23":{"start":{"line":55,"column":2},"end":{"line":55,"column":null}},"24":{"start":{"line":58,"column":0},"end":{"line":66,"column":null}},"25":{"start":{"line":59,"column":18},"end":{"line":59,"column":null}},"26":{"start":{"line":61,"column":2},"end":{"line":63,"column":null}},"27":{"start":{"line":62,"column":4},"end":{"line":62,"column":null}},"28":{"start":{"line":65,"column":2},"end":{"line":65,"column":null}}},"fnMap":{"0":{"name":"(anonymous_0)","decl":{"start":{"line":9,"column":16},"end":{"line":9,"column":23}},"loc":{"start":{"line":9,"column":56},"end":{"line":12,"column":1}},"line":9},"1":{"name":"(anonymous_1)","decl":{"start":{"line":14,"column":19},"end":{"line":14,"column":26}},"loc":{"start":{"line":14,"column":58},"end":{"line":22,"column":1}},"line":14},"2":{"name":"(anonymous_2)","decl":{"start":{"line":24,"column":30},"end":{"line":24,"column":37}},"loc":{"start":{"line":24,"column":69},"end":{"line":27,"column":1}},"line":24},"3":{"name":"(anonymous_3)","decl":{"start":{"line":29,"column":33},"end":{"line":29,"column":40}},"loc":{"start":{"line":29,"column":72},"end":{"line":42,"column":1}},"line":29},"4":{"name":"(anonymous_4)","decl":{"start":{"line":32,"column":27},"end":{"line":32,"column":32}},"loc":{"start":{"line":32,"column":55},"end":{"line":37,"column":4}},"line":32},"5":{"name":"(anonymous_5)","decl":{"start":{"line":44,"column":32},"end":{"line":44,"column":39}},"loc":{"start":{"line":44,"column":71},"end":{"line":56,"column":1}},"line":44},"6":{"name":"(anonymous_6)","decl":{"start":{"line":58,"column":35},"end":{"line":58,"column":42}},"loc":{"start":{"line":58,"column":74},"end":{"line":66,"column":1}},"line":58}},"branchMap":{"0":{"loc":{"start":{"line":17,"column":2},"end":{"line":19,"column":null}},"type":"if","locations":[{"start":{"line":17,"column":2},"end":{"line":19,"column":null}},{"start":{},"end":{}}],"line":17},"1":{"loc":{"start":{"line":51,"column":2},"end":{"line":53,"column":null}},"type":"if","locations":[{"start":{"line":51,"column":2},"end":{"line":53,"column":null}},{"start":{},"end":{}}],"line":51},"2":{"loc":{"start":{"line":61,"column":2},"end":{"line":63,"column":null}},"type":"if","locations":[{"start":{"line":61,"column":2},"end":{"line":63,"column":null}},{"start":{},"end":{}}],"line":61}},"s":{"0":9,"1":9,"2":2,"3":2,"4":9,"5":3,"6":2,"7":1,"8":1,"9":9,"10":2,"11":1,"12":9,"13":2,"14":2,"15":3,"16":2,"17":1,"18":1,"19":9,"20":2,"21":2,"22":1,"23":1,"24":9,"25":1,"26":1,"27":0,"28":1},"f":{"0":2,"1":3,"2":2,"3":2,"4":3,"5":2,"6":1},"b":{"0":[1,1],"1":[1,1],"2":[0,1]},"meta":{"lastBranch":3,"lastFunction":7,"lastStatement":29,"seen":{"s:7:15:7:22":0,"s:9:0:12:Infinity":1,"f:9:16:9:23":0,"s:10:19:10:Infinity":2,"s:11:2:11:Infinity":3,"s:14:0:22:Infinity":4,"f:14:19:14:26":1,"s:15:18:15:Infinity":5,"b:17:2:19:Infinity:undefined:undefined:undefined:undefined":0,"s:17:2:19:Infinity":6,"s:18:4:18:Infinity":7,"s:21:2:21:Infinity":8,"s:24:0:27:Infinity":9,"f:24:30:24:37":2,"s:25:18:25:Infinity":10,"s:26:2:26:Infinity":11,"s:29:0:42:Infinity":12,"f:29:33:29:40":3,"s:30:16:30:Infinity":13,"s:32:21:37:Infinity":14,"f:32:27:32:32":4,"s:32:55:37:4":15,"s:39:2:39:Infinity":16,"s:40:19:40:Infinity":17,"s:41:2:41:Infinity":18,"s:44:0:56:Infinity":19,"f:44:32:44:39":5,"s:45:18:49:Infinity":20,"b:51:2:53:Infinity:undefined:undefined:undefined:undefined":1,"s:51:2:53:Infinity":21,"s:52:4:52:Infinity":22,"s:55:2:55:Infinity":23,"s:58:0:66:Infinity":24,"f:58:35:58:42":6,"s:59:18:59:Infinity":25,"b:61:2:63:Infinity:undefined:undefined:undefined:undefined":2,"s:61:2:63:Infinity":26,"s:62:4:62:Infinity":27,"s:65:2:65:Infinity":28}}}
,"/home/azaken/Desktop/ProjectCloudy/CloudyArtistAdminPage/API/src/routes/auth.ts": {"path":"/home/azaken/Desktop/ProjectCloudy/CloudyArtistAdminPage/API/src/routes/auth.ts","statementMap":{"0":{"start":{"line":9,"column":25},"end":{"line":9,"column":null}},"1":{"start":{"line":10,"column":25},"end":{"line":10,"column":null}},"2":{"start":{"line":11,"column":23},"end":{"line":11,"column":null}},"3":{"start":{"line":12,"column":21},"end":{"line":12,"column":null}},"4":{"start":{"line":13,"column":22},"end":{"line":13,"column":null}},"5":{"start":{"line":25,"column":16},"end":{"line":25,"column":null}},"6":{"start":{"line":27,"column":2},"end":{"line":33,"column":null}},"7":{"start":{"line":35,"column":2},"end":{"line":35,"column":null}},"8":{"start":{"line":39,"column":2},"end":{"line":44,"column":null}},"9":{"start":{"line":49,"column":2},"end":{"line":49,"column":null}},"10":{"start":{"line":49,"column":68},"end":{"line":49,"column":null}},"11":{"start":{"line":50,"column":2},"end":{"line":50,"column":null}},"12":{"start":{"line":50,"column":68},"end":{"line":50,"column":null}},"13":{"start":{"line":52,"column":2},"end":{"line":52,"column":null}},"14":{"start":{"line":55,"column":15},"end":{"line":55,"column":22}},"15":{"start":{"line":57,"column":0},"end":{"line":67,"column":null}},"16":{"start":{"line":58,"column":17},"end":{"line":64,"column":null}},"17":{"start":{"line":66,"column":2},"end":{"line":66,"column":null}},"18":{"start":{"line":69,"column":0},"end":{"line":148,"column":null}},"19":{"start":{"line":70,"column":26},"end":{"line":70,"column":null}},"20":{"start":{"line":71,"column":25},"end":{"line":71,"column":null}},"21":{"start":{"line":74,"column":2},"end":{"line":74,"column":null}},"22":{"start":{"line":76,"column":2},"end":{"line":79,"column":null}},"23":{"start":{"line":77,"column":4},"end":{"line":77,"column":null}},"24":{"start":{"line":78,"column":4},"end":{"line":78,"column":null}},"25":{"start":{"line":81,"column":2},"end":{"line":85,"column":null}},"26":{"start":{"line":82,"column":4},"end":{"line":82,"column":null}},"27":{"start":{"line":83,"column":4},"end":{"line":83,"column":null}},"28":{"start":{"line":84,"column":4},"end":{"line":84,"column":null}},"29":{"start":{"line":87,"column":2},"end":{"line":147,"column":null}},"30":{"start":{"line":88,"column":26},"end":{"line":98,"column":null}},"31":{"start":{"line":100,"column":4},"end":{"line":104,"column":null}},"32":{"start":{"line":101,"column":6},"end":{"line":101,"column":null}},"33":{"start":{"line":102,"column":6},"end":{"line":102,"column":null}},"34":{"start":{"line":103,"column":6},"end":{"line":103,"column":null}},"35":{"start":{"line":106,"column":23},"end":{"line":106,"column":null}},"36":{"start":{"line":108,"column":25},"end":{"line":110,"column":null}},"37":{"start":{"line":112,"column":4},"end":{"line":116,"column":null}},"38":{"start":{"line":113,"column":6},"end":{"line":113,"column":null}},"39":{"start":{"line":114,"column":6},"end":{"line":114,"column":null}},"40":{"start":{"line":115,"column":6},"end":{"line":115,"column":null}},"41":{"start":{"line":118,"column":25},"end":{"line":118,"column":null}},"42":{"start":{"line":120,"column":4},"end":{"line":124,"column":null}},"43":{"start":{"line":121,"column":6},"end":{"line":121,"column":null}},"44":{"start":{"line":122,"column":6},"end":{"line":122,"column":null}},"45":{"start":{"line":123,"column":6},"end":{"line":123,"column":null}},"46":{"start":{"line":126,"column":32},"end":{"line":131,"column":null}},"47":{"start":{"line":133,"column":18},"end":{"line":133,"column":null}},"48":{"start":{"line":135,"column":4},"end":{"line":141,"column":null}},"49":{"start":{"line":143,"column":4},"end":{"line":143,"column":null}},"50":{"start":{"line":145,"column":4},"end":{"line":145,"column":null}},"51":{"start":{"line":146,"column":4},"end":{"line":146,"column":null}},"52":{"start":{"line":150,"column":0},"end":{"line":157,"column":null}},"53":{"start":{"line":151,"column":19},"end":{"line":151,"column":null}},"54":{"start":{"line":153,"column":2},"end":{"line":156,"column":null}},"55":{"start":{"line":159,"column":0},"end":{"line":171,"column":null}},"56":{"start":{"line":160,"column":2},"end":{"line":165,"column":null}},"57":{"start":{"line":167,"column":2},"end":{"line":170,"column":null}}},"fnMap":{"0":{"name":"issueState","decl":{"start":{"line":24,"column":9},"end":{"line":24,"column":20}},"loc":{"start":{"line":24,"column":43},"end":{"line":36,"column":null}},"line":24},"1":{"name":"clearState","decl":{"start":{"line":38,"column":9},"end":{"line":38,"column":20}},"loc":{"start":{"line":38,"column":41},"end":{"line":45,"column":null}},"line":38},"2":{"name":"stateMatches","decl":{"start":{"line":48,"column":9},"end":{"line":48,"column":22}},"loc":{"start":{"line":48,"column":69},"end":{"line":53,"column":null}},"line":48},"3":{"name":"(anonymous_3)","decl":{"start":{"line":57,"column":11},"end":{"line":57,"column":24}},"loc":{"start":{"line":57,"column":57},"end":{"line":67,"column":1}},"line":57},"4":{"name":"(anonymous_4)","decl":{"start":{"line":69,"column":32},"end":{"line":69,"column":39}},"loc":{"start":{"line":69,"column":71},"end":{"line":148,"column":1}},"line":69},"5":{"name":"(anonymous_5)","decl":{"start":{"line":150,"column":18},"end":{"line":150,"column":32}},"loc":{"start":{"line":150,"column":64},"end":{"line":157,"column":1}},"line":150},"6":{"name":"(anonymous_6)","decl":{"start":{"line":159,"column":12},"end":{"line":159,"column":24}},"loc":{"start":{"line":159,"column":57},"end":{"line":171,"column":1}},"line":159}},"branchMap":{"0":{"loc":{"start":{"line":49,"column":2},"end":{"line":49,"column":null}},"type":"if","locations":[{"start":{"line":49,"column":2},"end":{"line":49,"column":null}},{"start":{},"end":{}}],"line":49},"1":{"loc":{"start":{"line":49,"column":6},"end":{"line":49,"column":68}},"type":"binary-expr","locations":[{"start":{"line":49,"column":6},"end":{"line":49,"column":38}},{"start":{"line":49,"column":38},"end":{"line":49,"column":68}}],"line":49},"2":{"loc":{"start":{"line":50,"column":2},"end":{"line":50,"column":null}},"type":"if","locations":[{"start":{"line":50,"column":2},"end":{"line":50,"column":null}},{"start":{},"end":{}}],"line":50},"3":{"loc":{"start":{"line":50,"column":6},"end":{"line":50,"column":68}},"type":"binary-expr","locations":[{"start":{"line":50,"column":6},"end":{"line":50,"column":45}},{"start":{"line":50,"column":45},"end":{"line":50,"column":68}}],"line":50},"4":{"loc":{"start":{"line":76,"column":2},"end":{"line":79,"column":null}},"type":"if","locations":[{"start":{"line":76,"column":2},"end":{"line":79,"column":null}},{"start":{},"end":{}}],"line":76},"5":{"loc":{"start":{"line":76,"column":6},"end":{"line":76,"column":41}},"type":"binary-expr","locations":[{"start":{"line":76,"column":6},"end":{"line":76,"column":15}},{"start":{"line":76,"column":15},"end":{"line":76,"column":41}}],"line":76},"6":{"loc":{"start":{"line":81,"column":2},"end":{"line":85,"column":null}},"type":"if","locations":[{"start":{"line":81,"column":2},"end":{"line":85,"column":null}},{"start":{},"end":{}}],"line":81},"7":{"loc":{"start":{"line":100,"column":4},"end":{"line":104,"column":null}},"type":"if","locations":[{"start":{"line":100,"column":4},"end":{"line":104,"column":null}},{"start":{},"end":{}}],"line":100},"8":{"loc":{"start":{"line":112,"column":4},"end":{"line":116,"column":null}},"type":"if","locations":[{"start":{"line":112,"column":4},"end":{"line":116,"column":null}},{"start":{},"end":{}}],"line":112},"9":{"loc":{"start":{"line":120,"column":4},"end":{"line":124,"column":null}},"type":"if","locations":[{"start":{"line":120,"column":4},"end":{"line":124,"column":null}},{"start":{},"end":{}}],"line":120}},"s":{"0":9,"1":9,"2":9,"3":9,"4":9,"5":10,"6":10,"7":10,"8":9,"9":8,"10":1,"11":7,"12":0,"13":7,"14":9,"15":9,"16":10,"17":10,"18":9,"19":9,"20":9,"21":9,"22":9,"23":1,"24":1,"25":8,"26":2,"27":2,"28":2,"29":6,"30":6,"31":5,"32":1,"33":1,"34":1,"35":4,"36":4,"37":4,"38":1,"39":1,"40":1,"41":3,"42":3,"43":1,"44":1,"45":1,"46":2,"47":2,"48":2,"49":2,"50":1,"51":1,"52":9,"53":1,"54":1,"55":9,"56":2,"57":2},"f":{"0":10,"1":9,"2":8,"3":10,"4":9,"5":1,"6":2},"b":{"0":[1,7],"1":[8,7],"2":[0,7],"3":[7,7],"4":[1,8],"5":[9,8],"6":[2,6],"7":[1,4],"8":[1,3],"9":[1,2]},"meta":{"lastBranch":10,"lastFunction":7,"lastStatement":58,"seen":{"s:9:25:9:Infinity":0,"s:10:25:10:Infinity":1,"s:11:23:11:Infinity":2,"s:12:21:12:Infinity":3,"s:13:22:13:Infinity":4,"f:24:9:24:20":0,"s:25:16:25:Infinity":5,"s:27:2:33:Infinity":6,"s:35:2:35:Infinity":7,"f:38:9:38:20":1,"s:39:2:44:Infinity":8,"f:48:9:48:22":2,"b:49:2:49:Infinity:undefined:undefined:undefined:undefined":0,"s:49:2:49:Infinity":9,"b:49:6:49:38:49:38:49:68":1,"s:49:68:49:Infinity":10,"b:50:2:50:Infinity:undefined:undefined:undefined:undefined":2,"s:50:2:50:Infinity":11,"b:50:6:50:45:50:45:50:68":3,"s:50:68:50:Infinity":12,"s:52:2:52:Infinity":13,"s:55:15:55:22":14,"s:57:0:67:Infinity":15,"f:57:11:57:24":3,"s:58:17:64:Infinity":16,"s:66:2:66:Infinity":17,"s:69:0:148:Infinity":18,"f:69:32:69:39":4,"s:70:26:70:Infinity":19,"s:71:25:71:Infinity":20,"s:74:2:74:Infinity":21,"b:76:2:79:Infinity:undefined:undefined:undefined:undefined":4,"s:76:2:79:Infinity":22,"b:76:6:76:15:76:15:76:41":5,"s:77:4:77:Infinity":23,"s:78:4:78:Infinity":24,"b:81:2:85:Infinity:undefined:undefined:undefined:undefined":6,"s:81:2:85:Infinity":25,"s:82:4:82:Infinity":26,"s:83:4:83:Infinity":27,"s:84:4:84:Infinity":28,"s:87:2:147:Infinity":29,"s:88:26:98:Infinity":30,"b:100:4:104:Infinity:undefined:undefined:undefined:undefined":7,"s:100:4:104:Infinity":31,"s:101:6:101:Infinity":32,"s:102:6:102:Infinity":33,"s:103:6:103:Infinity":34,"s:106:23:106:Infinity":35,"s:108:25:110:Infinity":36,"b:112:4:116:Infinity:undefined:undefined:undefined:undefined":8,"s:112:4:116:Infinity":37,"s:113:6:113:Infinity":38,"s:114:6:114:Infinity":39,"s:115:6:115:Infinity":40,"s:118:25:118:Infinity":41,"b:120:4:124:Infinity:undefined:undefined:undefined:undefined":9,"s:120:4:124:Infinity":42,"s:121:6:121:Infinity":43,"s:122:6:122:Infinity":44,"s:123:6:123:Infinity":45,"s:126:32:131:Infinity":46,"s:133:18:133:Infinity":47,"s:135:4:141:Infinity":48,"s:143:4:143:Infinity":49,"s:145:4:145:Infinity":50,"s:146:4:146:Infinity":51,"s:150:0:157:Infinity":52,"f:150:18:150:32":5,"s:151:19:151:Infinity":53,"s:153:2:156:Infinity":54,"s:159:0:171:Infinity":55,"f:159:12:159:24":6,"s:160:2:165:Infinity":56,"s:167:2:170:Infinity":57}}}
,"/home/azaken/Desktop/ProjectCloudy/CloudyArtistAdminPage/API/src/routes/commissions.ts": {"path":"/home/azaken/Desktop/ProjectCloudy/CloudyArtistAdminPage/API/src/routes/commissions.ts","statementMap":{"0":{"start":{"line":7,"column":15},"end":{"line":7,"column":22}},"1":{"start":{"line":9,"column":0},"end":{"line":12,"column":null}},"2":{"start":{"line":10,"column":16},"end":{"line":10,"column":null}},"3":{"start":{"line":11,"column":2},"end":{"line":11,"column":null}},"4":{"start":{"line":14,"column":0},"end":{"line":17,"column":null}},"5":{"start":{"line":15,"column":15},"end":{"line":15,"column":null}},"6":{"start":{"line":16,"column":2},"end":{"line":16,"column":null}},"7":{"start":{"line":19,"column":0},"end":{"line":32,"column":null}},"8":{"start":{"line":20,"column":16},"end":{"line":20,"column":null}},"9":{"start":{"line":22,"column":21},"end":{"line":27,"column":null}},"10":{"start":{"line":22,"column":55},"end":{"line":27,"column":4}},"11":{"start":{"line":29,"column":2},"end":{"line":29,"column":null}},"12":{"start":{"line":30,"column":16},"end":{"line":30,"column":null}},"13":{"start":{"line":31,"column":2},"end":{"line":31,"column":null}},"14":{"start":{"line":34,"column":0},"end":{"line":46,"column":null}},"15":{"start":{"line":35,"column":15},"end":{"line":39,"column":null}},"16":{"start":{"line":41,"column":2},"end":{"line":43,"column":null}},"17":{"start":{"line":42,"column":4},"end":{"line":42,"column":null}},"18":{"start":{"line":45,"column":2},"end":{"line":45,"column":null}},"19":{"start":{"line":48,"column":0},"end":{"line":56,"column":null}},"20":{"start":{"line":49,"column":15},"end":{"line":49,"column":null}},"21":{"start":{"line":51,"column":2},"end":{"line":53,"column":null}},"22":{"start":{"line":52,"column":4},"end":{"line":52,"column":null}},"23":{"start":{"line":55,"column":2},"end":{"line":55,"column":null}}},"fnMap":{"0":{"name":"(anonymous_0)","decl":{"start":{"line":9,"column":16},"end":{"line":9,"column":23}},"loc":{"start":{"line":9,"column":56},"end":{"line":12,"column":1}},"line":9},"1":{"name":"(anonymous_1)","decl":{"start":{"line":14,"column":30},"end":{"line":14,"column":37}},"loc":{"start":{"line":14,"column":69},"end":{"line":17,"column":1}},"line":14},"2":{"name":"(anonymous_2)","decl":{"start":{"line":19,"column":33},"end":{"line":19,"column":40}},"loc":{"start":{"line":19,"column":72},"end":{"line":32,"column":1}},"line":19},"3":{"name":"(anonymous_3)","decl":{"start":{"line":22,"column":27},"end":{"line":22,"column":32}},"loc":{"start":{"line":22,"column":55},"end":{"line":27,"column":4}},"line":22},"4":{"name":"(anonymous_4)","decl":{"start":{"line":34,"column":32},"end":{"line":34,"column":39}},"loc":{"start":{"line":34,"column":71},"end":{"line":46,"column":1}},"line":34},"5":{"name":"(anonymous_5)","decl":{"start":{"line":48,"column":35},"end":{"line":48,"column":42}},"loc":{"start":{"line":48,"column":74},"end":{"line":56,"column":1}},"line":48}},"branchMap":{"0":{"loc":{"start":{"line":41,"column":2},"end":{"line":43,"column":null}},"type":"if","locations":[{"start":{"line":41,"column":2},"end":{"line":43,"column":null}},{"start":{},"end":{}}],"line":41},"1":{"loc":{"start":{"line":51,"column":2},"end":{"line":53,"column":null}},"type":"if","locations":[{"start":{"line":51,"column":2},"end":{"line":53,"column":null}},{"start":{},"end":{}}],"line":51}},"s":{"0":9,"1":9,"2":2,"3":2,"4":9,"5":2,"6":1,"7":9,"8":2,"9":2,"10":2,"11":2,"12":1,"13":1,"14":9,"15":2,"16":2,"17":1,"18":1,"19":9,"20":1,"21":1,"22":0,"23":1},"f":{"0":2,"1":2,"2":2,"3":2,"4":2,"5":1},"b":{"0":[1,1],"1":[0,1]},"meta":{"lastBranch":2,"lastFunction":6,"lastStatement":24,"seen":{"s:7:15:7:22":0,"s:9:0:12:Infinity":1,"f:9:16:9:23":0,"s:10:16:10:Infinity":2,"s:11:2:11:Infinity":3,"s:14:0:17:Infinity":4,"f:14:30:14:37":1,"s:15:15:15:Infinity":5,"s:16:2:16:Infinity":6,"s:19:0:32:Infinity":7,"f:19:33:19:40":2,"s:20:16:20:Infinity":8,"s:22:21:27:Infinity":9,"f:22:27:22:32":3,"s:22:55:27:4":10,"s:29:2:29:Infinity":11,"s:30:16:30:Infinity":12,"s:31:2:31:Infinity":13,"s:34:0:46:Infinity":14,"f:34:32:34:39":4,"s:35:15:39:Infinity":15,"b:41:2:43:Infinity:undefined:undefined:undefined:undefined":0,"s:41:2:43:Infinity":16,"s:42:4:42:Infinity":17,"s:45:2:45:Infinity":18,"s:48:0:56:Infinity":19,"f:48:35:48:42":5,"s:49:15:49:Infinity":20,"b:51:2:53:Infinity:undefined:undefined:undefined:undefined":1,"s:51:2:53:Infinity":21,"s:52:4:52:Infinity":22,"s:55:2:55:Infinity":23}}}
,"/home/azaken/Desktop/ProjectCloudy/CloudyArtistAdminPage/API/src/routes/config.ts": {"path":"/home/azaken/Desktop/ProjectCloudy/CloudyArtistAdminPage/API/src/routes/config.ts","statementMap":{"0":{"start":{"line":6,"column":15},"end":{"line":6,"column":22}},"1":{"start":{"line":8,"column":0},"end":{"line":16,"column":null}},"2":{"start":{"line":9,"column":17},"end":{"line":9,"column":null}},"3":{"start":{"line":11,"column":2},"end":{"line":13,"column":null}},"4":{"start":{"line":12,"column":4},"end":{"line":12,"column":null}},"5":{"start":{"line":15,"column":2},"end":{"line":15,"column":null}},"6":{"start":{"line":35,"column":2},"end":{"line":47,"column":null}},"7":{"start":{"line":36,"column":17},"end":{"line":36,"column":null}},"8":{"start":{"line":38,"column":6},"end":{"line":38,"column":null}},"9":{"start":{"line":40,"column":4},"end":{"line":46,"column":null}},"10":{"start":{"line":43,"column":6},"end":{"line":43,"column":null}},"11":{"start":{"line":45,"column":6},"end":{"line":45,"column":null}},"12":{"start":{"line":49,"column":2},"end":{"line":49,"column":null}},"13":{"start":{"line":52,"column":0},"end":{"line":67,"column":null}},"14":{"start":{"line":53,"column":16},"end":{"line":53,"column":null}},"15":{"start":{"line":57,"column":19},"end":{"line":57,"column":null}},"16":{"start":{"line":58,"column":17},"end":{"line":58,"column":null}},"17":{"start":{"line":60,"column":17},"end":{"line":64,"column":null}},"18":{"start":{"line":66,"column":2},"end":{"line":66,"column":null}}},"fnMap":{"0":{"name":"(anonymous_0)","decl":{"start":{"line":8,"column":16},"end":{"line":8,"column":23}},"loc":{"start":{"line":8,"column":56},"end":{"line":16,"column":1}},"line":8},"1":{"name":"toDotNotation","decl":{"start":{"line":30,"column":9},"end":{"line":30,"column":null}},"loc":{"start":{"line":34,"column":27},"end":{"line":50,"column":null}},"line":34},"2":{"name":"(anonymous_2)","decl":{"start":{"line":52,"column":29},"end":{"line":52,"column":36}},"loc":{"start":{"line":52,"column":68},"end":{"line":67,"column":1}},"line":52}},"branchMap":{"0":{"loc":{"start":{"line":11,"column":2},"end":{"line":13,"column":null}},"type":"if","locations":[{"start":{"line":11,"column":2},"end":{"line":13,"column":null}},{"start":{},"end":{}}],"line":11},"1":{"loc":{"start":{"line":32,"column":2},"end":{"line":32,"column":null}},"type":"default-arg","locations":[{"start":{"line":32,"column":11},"end":{"line":32,"column":null}}],"line":32},"2":{"loc":{"start":{"line":33,"column":2},"end":{"line":33,"column":null}},"type":"default-arg","locations":[{"start":{"line":33,"column":33},"end":{"line":33,"column":null}}],"line":33},"3":{"loc":{"start":{"line":36,"column":17},"end":{"line":36,"column":null}},"type":"cond-expr","locations":[{"start":{"line":36,"column":26},"end":{"line":36,"column":47}},{"start":{"line":36,"column":47},"end":{"line":36,"column":null}}],"line":36},"4":{"loc":{"start":{"line":38,"column":6},"end":{"line":38,"column":null}},"type":"binary-expr","locations":[{"start":{"line":38,"column":6},"end":{"line":38,"column":24}},{"start":{"line":38,"column":24},"end":{"line":38,"column":53}},{"start":{"line":38,"column":53},"end":{"line":38,"column":null}}],"line":38},"5":{"loc":{"start":{"line":40,"column":4},"end":{"line":46,"column":null}},"type":"if","locations":[{"start":{"line":40,"column":4},"end":{"line":46,"column":null}},{"start":{"line":44,"column":11},"end":{"line":46,"column":null}}],"line":40},"6":{"loc":{"start":{"line":53,"column":16},"end":{"line":53,"column":null}},"type":"binary-expr","locations":[{"start":{"line":53,"column":16},"end":{"line":53,"column":28}},{"start":{"line":53,"column":28},"end":{"line":53,"column":null}}],"line":53},"7":{"loc":{"start":{"line":58,"column":17},"end":{"line":58,"column":null}},"type":"cond-expr","locations":[{"start":{"line":58,"column":28},"end":{"line":58,"column":50}},{"start":{"line":58,"column":50},"end":{"line":58,"column":null}}],"line":58}},"s":{"0":9,"1":9,"2":7,"3":7,"4":1,"5":6,"6":20,"7":59,"8":59,"9":59,"10":15,"11":44,"12":20,"13":9,"14":7,"15":7,"16":7,"17":7,"18":7},"f":{"0":7,"1":20,"2":7},"b":{"0":[1,6],"1":[20],"2":[20],"3":[46,13],"4":[59,59,21],"5":[15,44],"6":[7,0],"7":[5,2]},"meta":{"lastBranch":8,"lastFunction":3,"lastStatement":19,"seen":{"s:6:15:6:22":0,"s:8:0:16:Infinity":1,"f:8:16:8:23":0,"s:9:17:9:Infinity":2,"b:11:2:13:Infinity:undefined:undefined:undefined:undefined":0,"s:11:2:13:Infinity":3,"s:12:4:12:Infinity":4,"s:15:2:15:Infinity":5,"f:30:9:30:Infinity":1,"b:32:11:32:Infinity":1,"b:33:33:33:Infinity":2,"s:35:2:47:Infinity":6,"s:36:17:36:Infinity":7,"b:36:26:36:47:36:47:36:Infinity":3,"s:38:6:38:Infinity":8,"b:38:6:38:24:38:24:38:53:38:53:38:Infinity":4,"b:40:4:46:Infinity:44:11:46:Infinity":5,"s:40:4:46:Infinity":9,"s:43:6:43:Infinity":10,"s:45:6:45:Infinity":11,"s:49:2:49:Infinity":12,"s:52:0:67:Infinity":13,"f:52:29:52:36":2,"s:53:16:53:Infinity":14,"b:53:16:53:28:53:28:53:Infinity":6,"s:57:19:57:Infinity":15,"s:58:17:58:Infinity":16,"b:58:28:58:50:58:50:58:Infinity":7,"s:60:17:64:Infinity":17,"s:66:2:66:Infinity":18}}}
,"/home/azaken/Desktop/ProjectCloudy/CloudyArtistAdminPage/API/src/routes/faqs.ts": {"path":"/home/azaken/Desktop/ProjectCloudy/CloudyArtistAdminPage/API/src/routes/faqs.ts","statementMap":{"0":{"start":{"line":7,"column":15},"end":{"line":7,"column":22}},"1":{"start":{"line":9,"column":0},"end":{"line":12,"column":null}},"2":{"start":{"line":10,"column":15},"end":{"line":10,"column":null}},"3":{"start":{"line":11,"column":2},"end":{"line":11,"column":null}},"4":{"start":{"line":14,"column":0},"end":{"line":17,"column":null}},"5":{"start":{"line":15,"column":14},"end":{"line":15,"column":null}},"6":{"start":{"line":16,"column":2},"end":{"line":16,"column":null}},"7":{"start":{"line":19,"column":0},"end":{"line":32,"column":null}},"8":{"start":{"line":20,"column":16},"end":{"line":20,"column":null}},"9":{"start":{"line":22,"column":21},"end":{"line":27,"column":null}},"10":{"start":{"line":22,"column":55},"end":{"line":27,"column":4}},"11":{"start":{"line":29,"column":2},"end":{"line":29,"column":null}},"12":{"start":{"line":30,"column":15},"end":{"line":30,"column":null}},"13":{"start":{"line":31,"column":2},"end":{"line":31,"column":null}},"14":{"start":{"line":34,"column":0},"end":{"line":46,"column":null}},"15":{"start":{"line":35,"column":14},"end":{"line":39,"column":null}},"16":{"start":{"line":41,"column":2},"end":{"line":43,"column":null}},"17":{"start":{"line":42,"column":4},"end":{"line":42,"column":null}},"18":{"start":{"line":45,"column":2},"end":{"line":45,"column":null}},"19":{"start":{"line":48,"column":0},"end":{"line":56,"column":null}},"20":{"start":{"line":49,"column":14},"end":{"line":49,"column":null}},"21":{"start":{"line":51,"column":2},"end":{"line":53,"column":null}},"22":{"start":{"line":52,"column":4},"end":{"line":52,"column":null}},"23":{"start":{"line":55,"column":2},"end":{"line":55,"column":null}}},"fnMap":{"0":{"name":"(anonymous_0)","decl":{"start":{"line":9,"column":16},"end":{"line":9,"column":23}},"loc":{"start":{"line":9,"column":56},"end":{"line":12,"column":1}},"line":9},"1":{"name":"(anonymous_1)","decl":{"start":{"line":14,"column":30},"end":{"line":14,"column":37}},"loc":{"start":{"line":14,"column":69},"end":{"line":17,"column":1}},"line":14},"2":{"name":"(anonymous_2)","decl":{"start":{"line":19,"column":33},"end":{"line":19,"column":40}},"loc":{"start":{"line":19,"column":72},"end":{"line":32,"column":1}},"line":19},"3":{"name":"(anonymous_3)","decl":{"start":{"line":22,"column":27},"end":{"line":22,"column":32}},"loc":{"start":{"line":22,"column":55},"end":{"line":27,"column":4}},"line":22},"4":{"name":"(anonymous_4)","decl":{"start":{"line":34,"column":32},"end":{"line":34,"column":39}},"loc":{"start":{"line":34,"column":71},"end":{"line":46,"column":1}},"line":34},"5":{"name":"(anonymous_5)","decl":{"start":{"line":48,"column":35},"end":{"line":48,"column":42}},"loc":{"start":{"line":48,"column":74},"end":{"line":56,"column":1}},"line":48}},"branchMap":{"0":{"loc":{"start":{"line":41,"column":2},"end":{"line":43,"column":null}},"type":"if","locations":[{"start":{"line":41,"column":2},"end":{"line":43,"column":null}},{"start":{},"end":{}}],"line":41},"1":{"loc":{"start":{"line":51,"column":2},"end":{"line":53,"column":null}},"type":"if","locations":[{"start":{"line":51,"column":2},"end":{"line":53,"column":null}},{"start":{},"end":{}}],"line":51}},"s":{"0":9,"1":9,"2":2,"3":2,"4":9,"5":2,"6":1,"7":9,"8":2,"9":2,"10":2,"11":2,"12":1,"13":1,"14":9,"15":2,"16":2,"17":1,"18":1,"19":9,"20":1,"21":1,"22":0,"23":1},"f":{"0":2,"1":2,"2":2,"3":2,"4":2,"5":1},"b":{"0":[1,1],"1":[0,1]},"meta":{"lastBranch":2,"lastFunction":6,"lastStatement":24,"seen":{"s:7:15:7:22":0,"s:9:0:12:Infinity":1,"f:9:16:9:23":0,"s:10:15:10:Infinity":2,"s:11:2:11:Infinity":3,"s:14:0:17:Infinity":4,"f:14:30:14:37":1,"s:15:14:15:Infinity":5,"s:16:2:16:Infinity":6,"s:19:0:32:Infinity":7,"f:19:33:19:40":2,"s:20:16:20:Infinity":8,"s:22:21:27:Infinity":9,"f:22:27:22:32":3,"s:22:55:27:4":10,"s:29:2:29:Infinity":11,"s:30:15:30:Infinity":12,"s:31:2:31:Infinity":13,"s:34:0:46:Infinity":14,"f:34:32:34:39":4,"s:35:14:39:Infinity":15,"b:41:2:43:Infinity:undefined:undefined:undefined:undefined":0,"s:41:2:43:Infinity":16,"s:42:4:42:Infinity":17,"s:45:2:45:Infinity":18,"s:48:0:56:Infinity":19,"f:48:35:48:42":5,"s:49:14:49:Infinity":20,"b:51:2:53:Infinity:undefined:undefined:undefined:undefined":1,"s:51:2:53:Infinity":21,"s:52:4:52:Infinity":22,"s:55:2:55:Infinity":23}}}
,"/home/azaken/Desktop/ProjectCloudy/CloudyArtistAdminPage/API/src/routes/portfolio.ts": {"path":"/home/azaken/Desktop/ProjectCloudy/CloudyArtistAdminPage/API/src/routes/portfolio.ts","statementMap":{"0":{"start":{"line":5,"column":15},"end":{"line":5,"column":22}},"1":{"start":{"line":7,"column":0},"end":{"line":29,"column":null}},"2":{"start":{"line":8,"column":69},"end":{"line":14,"column":null}},"3":{"start":{"line":16,"column":2},"end":{"line":18,"column":null}},"4":{"start":{"line":17,"column":4},"end":{"line":17,"column":null}},"5":{"start":{"line":20,"column":20},"end":{"line":26,"column":null}},"6":{"start":{"line":28,"column":2},"end":{"line":28,"column":null}}},"fnMap":{"0":{"name":"(anonymous_0)","decl":{"start":{"line":7,"column":16},"end":{"line":7,"column":23}},"loc":{"start":{"line":7,"column":56},"end":{"line":29,"column":1}},"line":7}},"branchMap":{"0":{"loc":{"start":{"line":16,"column":2},"end":{"line":18,"column":null}},"type":"if","locations":[{"start":{"line":16,"column":2},"end":{"line":18,"column":null}},{"start":{},"end":{}}],"line":16}},"s":{"0":9,"1":9,"2":3,"3":3,"4":1,"5":2,"6":2},"f":{"0":3},"b":{"0":[1,2]},"meta":{"lastBranch":1,"lastFunction":1,"lastStatement":7,"seen":{"s:5:15:5:22":0,"s:7:0:29:Infinity":1,"f:7:16:7:23":0,"s:8:69:14:Infinity":2,"b:16:2:18:Infinity:undefined:undefined:undefined:undefined":0,"s:16:2:18:Infinity":3,"s:17:4:17:Infinity":4,"s:20:20:26:Infinity":5,"s:28:2:28:Infinity":6}}}
,"/home/azaken/Desktop/ProjectCloudy/CloudyArtistAdminPage/API/src/routes/tos.ts": {"path":"/home/azaken/Desktop/ProjectCloudy/CloudyArtistAdminPage/API/src/routes/tos.ts","statementMap":{"0":{"start":{"line":7,"column":15},"end":{"line":7,"column":22}},"1":{"start":{"line":9,"column":0},"end":{"line":12,"column":null}},"2":{"start":{"line":10,"column":19},"end":{"line":10,"column":null}},"3":{"start":{"line":11,"column":2},"end":{"line":11,"column":null}},"4":{"start":{"line":14,"column":0},"end":{"line":17,"column":null}},"5":{"start":{"line":15,"column":18},"end":{"line":15,"column":null}},"6":{"start":{"line":16,"column":2},"end":{"line":16,"column":null}},"7":{"start":{"line":19,"column":0},"end":{"line":32,"column":null}},"8":{"start":{"line":20,"column":16},"end":{"line":20,"column":null}},"9":{"start":{"line":22,"column":21},"end":{"line":27,"column":null}},"10":{"start":{"line":22,"column":55},"end":{"line":27,"column":4}},"11":{"start":{"line":29,"column":2},"end":{"line":29,"column":null}},"12":{"start":{"line":30,"column":19},"end":{"line":30,"column":null}},"13":{"start":{"line":31,"column":2},"end":{"line":31,"column":null}},"14":{"start":{"line":34,"column":0},"end":{"line":46,"column":null}},"15":{"start":{"line":35,"column":18},"end":{"line":39,"column":null}},"16":{"start":{"line":41,"column":2},"end":{"line":43,"column":null}},"17":{"start":{"line":42,"column":4},"end":{"line":42,"column":null}},"18":{"start":{"line":45,"column":2},"end":{"line":45,"column":null}},"19":{"start":{"line":48,"column":0},"end":{"line":56,"column":null}},"20":{"start":{"line":49,"column":18},"end":{"line":49,"column":null}},"21":{"start":{"line":51,"column":2},"end":{"line":53,"column":null}},"22":{"start":{"line":52,"column":4},"end":{"line":52,"column":null}},"23":{"start":{"line":55,"column":2},"end":{"line":55,"column":null}}},"fnMap":{"0":{"name":"(anonymous_0)","decl":{"start":{"line":9,"column":16},"end":{"line":9,"column":23}},"loc":{"start":{"line":9,"column":56},"end":{"line":12,"column":1}},"line":9},"1":{"name":"(anonymous_1)","decl":{"start":{"line":14,"column":30},"end":{"line":14,"column":37}},"loc":{"start":{"line":14,"column":69},"end":{"line":17,"column":1}},"line":14},"2":{"name":"(anonymous_2)","decl":{"start":{"line":19,"column":33},"end":{"line":19,"column":40}},"loc":{"start":{"line":19,"column":72},"end":{"line":32,"column":1}},"line":19},"3":{"name":"(anonymous_3)","decl":{"start":{"line":22,"column":27},"end":{"line":22,"column":32}},"loc":{"start":{"line":22,"column":55},"end":{"line":27,"column":4}},"line":22},"4":{"name":"(anonymous_4)","decl":{"start":{"line":34,"column":32},"end":{"line":34,"column":39}},"loc":{"start":{"line":34,"column":71},"end":{"line":46,"column":1}},"line":34},"5":{"name":"(anonymous_5)","decl":{"start":{"line":48,"column":35},"end":{"line":48,"column":42}},"loc":{"start":{"line":48,"column":74},"end":{"line":56,"column":1}},"line":48}},"branchMap":{"0":{"loc":{"start":{"line":41,"column":2},"end":{"line":43,"column":null}},"type":"if","locations":[{"start":{"line":41,"column":2},"end":{"line":43,"column":null}},{"start":{},"end":{}}],"line":41},"1":{"loc":{"start":{"line":51,"column":2},"end":{"line":53,"column":null}},"type":"if","locations":[{"start":{"line":51,"column":2},"end":{"line":53,"column":null}},{"start":{},"end":{}}],"line":51}},"s":{"0":9,"1":9,"2":2,"3":2,"4":9,"5":2,"6":1,"7":9,"8":2,"9":2,"10":2,"11":2,"12":1,"13":1,"14":9,"15":2,"16":2,"17":1,"18":1,"19":9,"20":1,"21":1,"22":0,"23":1},"f":{"0":2,"1":2,"2":2,"3":2,"4":2,"5":1},"b":{"0":[1,1],"1":[0,1]},"meta":{"lastBranch":2,"lastFunction":6,"lastStatement":24,"seen":{"s:7:15:7:22":0,"s:9:0:12:Infinity":1,"f:9:16:9:23":0,"s:10:19:10:Infinity":2,"s:11:2:11:Infinity":3,"s:14:0:17:Infinity":4,"f:14:30:14:37":1,"s:15:18:15:Infinity":5,"s:16:2:16:Infinity":6,"s:19:0:32:Infinity":7,"f:19:33:19:40":2,"s:20:16:20:Infinity":8,"s:22:21:27:Infinity":9,"f:22:27:22:32":3,"s:22:55:27:4":10,"s:29:2:29:Infinity":11,"s:30:19:30:Infinity":12,"s:31:2:31:Infinity":13,"s:34:0:46:Infinity":14,"f:34:32:34:39":4,"s:35:18:39:Infinity":15,"b:41:2:43:Infinity:undefined:undefined:undefined:undefined":0,"s:41:2:43:Infinity":16,"s:42:4:42:Infinity":17,"s:45:2:45:Infinity":18,"s:48:0:56:Infinity":19,"f:48:35:48:42":5,"s:49:18:49:Infinity":20,"b:51:2:53:Infinity:undefined:undefined:undefined:undefined":1,"s:51:2:53:Infinity":21,"s:52:4:52:Infinity":22,"s:55:2:55:Infinity":23}}}
,"/home/azaken/Desktop/ProjectCloudy/CloudyArtistAdminPage/API/src/routes/upload.ts": {"path":"/home/azaken/Desktop/ProjectCloudy/CloudyArtistAdminPage/API/src/routes/upload.ts","statementMap":{"0":{"start":{"line":8,"column":15},"end":{"line":8,"column":22}},"1":{"start":{"line":10,"column":18},"end":{"line":10,"column":null}},"2":{"start":{"line":11,"column":21},"end":{"line":11,"column":null}},"3":{"start":{"line":12,"column":22},"end":{"line":12,"column":null}},"4":{"start":{"line":14,"column":0},"end":{"line":47,"column":null}},"5":{"start":{"line":15,"column":2},"end":{"line":17,"column":null}},"6":{"start":{"line":16,"column":4},"end":{"line":16,"column":null}},"7":{"start":{"line":19,"column":20},"end":{"line":22,"column":null}},"8":{"start":{"line":24,"column":17},"end":{"line":41,"column":null}},"9":{"start":{"line":25,"column":19},"end":{"line":38,"column":null}},"10":{"start":{"line":32,"column":8},"end":{"line":36,"column":null}},"11":{"start":{"line":33,"column":10},"end":{"line":33,"column":null}},"12":{"start":{"line":35,"column":10},"end":{"line":35,"column":null}},"13":{"start":{"line":40,"column":4},"end":{"line":40,"column":null}},"14":{"start":{"line":43,"column":2},"end":{"line":46,"column":null}}},"fnMap":{"0":{"name":"(anonymous_0)","decl":{"start":{"line":14,"column":54},"end":{"line":14,"column":61}},"loc":{"start":{"line":14,"column":93},"end":{"line":47,"column":1}},"line":14},"1":{"name":"(anonymous_1)","decl":{"start":{"line":24,"column":27},"end":{"line":24,"column":60}},"loc":{"start":{"line":24,"column":80},"end":{"line":41,"column":3}},"line":24},"2":{"name":"(anonymous_2)","decl":{"start":{"line":30,"column":6},"end":{"line":30,"column":null}},"loc":{"start":{"line":31,"column":25},"end":{"line":37,"column":null}},"line":31}},"branchMap":{"0":{"loc":{"start":{"line":15,"column":2},"end":{"line":17,"column":null}},"type":"if","locations":[{"start":{"line":15,"column":2},"end":{"line":17,"column":null}},{"start":{},"end":{}}],"line":15},"1":{"loc":{"start":{"line":32,"column":8},"end":{"line":36,"column":null}},"type":"if","locations":[{"start":{"line":32,"column":8},"end":{"line":36,"column":null}},{"start":{"line":34,"column":15},"end":{"line":36,"column":null}}],"line":32},"2":{"loc":{"start":{"line":32,"column":12},"end":{"line":32,"column":30}},"type":"binary-expr","locations":[{"start":{"line":32,"column":12},"end":{"line":32,"column":21}},{"start":{"line":32,"column":21},"end":{"line":32,"column":30}}],"line":32},"3":{"loc":{"start":{"line":33,"column":17},"end":{"line":33,"column":63}},"type":"binary-expr","locations":[{"start":{"line":33,"column":17},"end":{"line":33,"column":26}},{"start":{"line":33,"column":26},"end":{"line":33,"column":63}}],"line":33}},"s":{"0":9,"1":9,"2":9,"3":9,"4":9,"5":2,"6":1,"7":1,"8":0,"9":0,"10":0,"11":0,"12":0,"13":0,"14":0},"f":{"0":2,"1":0,"2":0},"b":{"0":[1,1],"1":[0,0],"2":[0,0],"3":[0,0]},"meta":{"lastBranch":4,"lastFunction":3,"lastStatement":15,"seen":{"s:8:15:8:22":0,"s:10:18:10:Infinity":1,"s:11:21:11:Infinity":2,"s:12:22:12:Infinity":3,"s:14:0:47:Infinity":4,"f:14:54:14:61":0,"b:15:2:17:Infinity:undefined:undefined:undefined:undefined":0,"s:15:2:17:Infinity":5,"s:16:4:16:Infinity":6,"s:19:20:22:Infinity":7,"s:24:17:41:Infinity":8,"f:24:27:24:60":1,"s:25:19:38:Infinity":9,"f:30:6:30:Infinity":2,"b:32:8:36:Infinity:34:15:36:Infinity":1,"s:32:8:36:Infinity":10,"b:32:12:32:21:32:21:32:30":2,"s:33:10:33:Infinity":11,"b:33:17:33:26:33:26:33:63":3,"s:35:10:35:Infinity":12,"s:40:4:40:Infinity":13,"s:43:2:46:Infinity":14}}}
[...]
:59:18:59:Infinity":10,"b:61:4:65:Infinity:undefined:undefined:undefined:undefined":2,"s:61:4:65:Infinity":11,"s:62:6:62:Infinity":12,"s:63:6:63:Infinity":13,"s:64:6:64:Infinity":14,"b:67:4:71:Infinity:undefined:undefined:undefined:undefined":3,"s:67:4:71:Infinity":15,"s:68:6:68:Infinity":16,"s:68:47:68:Infinity":17,"s:69:6:69:Infinity":18,"s:70:6:70:Infinity":19,"b:73:4:81:Infinity:undefined:undefined:undefined:undefined":4,"s:73:4:81:Infinity":20,"s:74:33:74:Infinity":21,"s:75:25:75:Infinity":22,"s:76:21:76:Infinity":23,"b:77:6:79:Infinity:undefined:undefined:undefined:undefined":5,"s:77:6:79:Infinity":24,"b:77:10:77:35:77:35:77:60":6,"s:78:8:78:Infinity":25,"b:78:68:78:77:78:77:78:83":7,"s:80:6:80:Infinity":26,"s:83:23:83:Infinity":27,"b:84:4:86:Infinity:undefined:undefined:undefined:undefined":8,"s:84:4:86:Infinity":28,"s:85:6:85:Infinity":29,"b:85:59:85:68:85:68:85:74":9,"s:89:2:89:Infinity":30,"f:92:16:92:30":4,"b:93:2:93:Infinity:undefined:undefined:undefined:undefined":10,"s:93:2:93:Infinity":31,"s:93:27:93:Infinity":32,"s:94:2:98:Infinity":33,"s:95:4:95:Infinity":34,"b:95:54:95:63:95:63:95:69":11,"s:97:4:97:Infinity":35,"f:106:16:106:31":5,"b:107:2:107:Infinity:undefined:undefined:undefined:undefined":12,"s:107:2:107:Infinity":36,"s:107:28:107:Infinity":37,"s:109:28:109:Infinity":38,"b:109:22:109:28":13,"s:110:20:110:Infinity":39,"b:110:27:110:61:110:61:110:Infinity":14,"s:111:20:111:Infinity":40,"b:111:27:111:61:111:61:111:Infinity":15,"s:112:18:112:Infinity":41,"s:113:15:117:Infinity":42,"f:115:49:115:58":6,"s:115:58:115:61":43,"s:119:2:119:Infinity":44,"f:119:29:119:34":7,"s:119:40:119:58":45,"f:133:9:133:21":8,"s:134:14:134:Infinity":46,"s:135:2:135:Infinity":47,"b:135:30:135:39:135:39:135:Infinity":16,"f:144:16:144:32":9,"s:145:15:145:Infinity":48,"s:146:22:146:Infinity":49,"b:148:2:150:Infinity:undefined:undefined:undefined:undefined":17,"s:148:2:150:Infinity":50,"b:148:6:148:22:148:22:148:51":18,"s:149:4:149:Infinity":51,"b:149:29:149:36:149:36:149:Infinity":19,"b:152:2:158:Infinity:undefined:undefined:undefined:undefined":20,"s:152:2:158:Infinity":52,"b:152:6:152:35:152:35:152:68":21,"s:153:22:153:Infinity":53,"b:154:4:154:Infinity:undefined:undefined:undefined:undefined":22,"s:154:4:154:Infinity":54,"s:154:30:154:Infinity":55,"b:155:4:157:Infinity:undefined:undefined:undefined:undefined":23,"s:155:4:157:Infinity":56,"s:156:6:156:Infinity":57,"b:156:31:156:38:156:38:156:Infinity":24,"s:162:20:162:Infinity":58,"b:163:2:163:Infinity:undefined:undefined:undefined:undefined":25,"s:163:2:163:Infinity":59,"s:163:28:163:Infinity":60,"s:165:2:165:Infinity":61,"b:165:27:165:34:165:34:165:Infinity":26}}}
,"/home/azaken/Desktop/ProjectCloudy/CloudyArtistAdminPage/API/src/utils/errors.ts": {"path":"/home/azaken/Desktop/ProjectCloudy/CloudyArtistAdminPage/API/src/utils/errors.ts","statementMap":{"0":{"start":{"line":12,"column":4},"end":{"line":12,"column":null}},"1":{"start":{"line":13,"column":4},"end":{"line":13,"column":null}},"2":{"start":{"line":14,"column":4},"end":{"line":14,"column":null}},"3":{"start":{"line":15,"column":4},"end":{"line":15,"column":null}},"4":{"start":{"line":16,"column":4},"end":{"line":16,"column":null}},"5":{"start":{"line":17,"column":4},"end":{"line":17,"column":null}},"6":{"start":{"line":23,"column":4},"end":{"line":23,"column":null}},"7":{"start":{"line":29,"column":4},"end":{"line":29,"column":null}},"8":{"start":{"line":35,"column":4},"end":{"line":35,"column":null}},"9":{"start":{"line":41,"column":4},"end":{"line":41,"column":null}},"10":{"start":{"line":47,"column":4},"end":{"line":47,"column":null}}},"fnMap":{"0":{"name":"(anonymous_0)","decl":{"start":{"line":6,"column":2},"end":{"line":6,"column":null}},"loc":{"start":{"line":11,"column":4},"end":{"line":18,"column":null}},"line":11},"1":{"name":"(anonymous_1)","decl":{"start":{"line":22,"column":2},"end":{"line":22,"column":14}},"loc":{"start":{"line":22,"column":45},"end":{"line":24,"column":null}},"line":22},"2":{"name":"(anonymous_2)","decl":{"start":{"line":28,"column":2},"end":{"line":28,"column":14}},"loc":{"start":{"line":28,"column":53},"end":{"line":30,"column":null}},"line":28},"3":{"name":"(anonymous_3)","decl":{"start":{"line":34,"column":2},"end":{"line":34,"column":14}},"loc":{"start":{"line":34,"column":59},"end":{"line":36,"column":null}},"line":34},"4":{"name":"(anonymous_4)","decl":{"start":{"line":40,"column":2},"end":{"line":40,"column":14}},"loc":{"start":{"line":40,"column":49},"end":{"line":42,"column":null}},"line":40},"5":{"name":"(anonymous_5)","decl":{"start":{"line":46,"column":2},"end":{"line":46,"column":14}},"loc":{"start":{"line":46,"column":59},"end":{"line":48,"column":null}},"line":46}},"branchMap":{"0":{"loc":{"start":{"line":8,"column":4},"end":{"line":8,"column":null}},"type":"default-arg","locations":[{"start":{"line":8,"column":25},"end":{"line":8,"column":null}}],"line":8},"1":{"loc":{"start":{"line":9,"column":4},"end":{"line":9,"column":null}},"type":"default-arg","locations":[{"start":{"line":9,"column":19},"end":{"line":9,"column":null}}],"line":9},"2":{"loc":{"start":{"line":10,"column":4},"end":{"line":10,"column":null}},"type":"default-arg","locations":[{"start":{"line":10,"column":29},"end":{"line":10,"column":null}}],"line":10},"3":{"loc":{"start":{"line":22,"column":14},"end":{"line":22,"column":45}},"type":"default-arg","locations":[{"start":{"line":22,"column":33},"end":{"line":22,"column":45}}],"line":22},"4":{"loc":{"start":{"line":28,"column":14},"end":{"line":28,"column":53}},"type":"default-arg","locations":[{"start":{"line":28,"column":32},"end":{"line":28,"column":53}}],"line":28},"5":{"loc":{"start":{"line":34,"column":14},"end":{"line":34,"column":59}},"type":"default-arg","locations":[{"start":{"line":34,"column":32},"end":{"line":34,"column":59}}],"line":34},"6":{"loc":{"start":{"line":40,"column":14},"end":{"line":40,"column":49}},"type":"default-arg","locations":[{"start":{"line":40,"column":32},"end":{"line":40,"column":49}}],"line":40},"7":{"loc":{"start":{"line":46,"column":14},"end":{"line":46,"column":59}},"type":"default-arg","locations":[{"start":{"line":46,"column":32},"end":{"line":46,"column":59}}],"line":46}},"s":{"0":54,"1":54,"2":54,"3":54,"4":54,"5":54,"6":16,"7":9,"8":20,"9":3,"10":3},"f":{"0":54,"1":16,"2":9,"3":20,"4":3,"5":3},"b":{"0":[54],"1":[54],"2":[54],"3":[16],"4":[9],"5":[20],"6":[3],"7":[3]},"meta":{"lastBranch":8,"lastFunction":6,"lastStatement":11,"seen":{"f:6:2:6:Infinity":0,"b:8:25:8:Infinity":0,"b:9:19:9:Infinity":1,"b:10:29:10:Infinity":2,"s:12:4:12:Infinity":0,"s:13:4:13:Infinity":1,"s:14:4:14:Infinity":2,"s:15:4:15:Infinity":3,"s:16:4:16:Infinity":4,"s:17:4:17:Infinity":5,"f:22:2:22:14":1,"b:22:33:22:45":3,"s:23:4:23:Infinity":6,"f:28:2:28:14":2,"b:28:32:28:53":4,"s:29:4:29:Infinity":7,"f:34:2:34:14":3,"b:34:32:34:59":5,"s:35:4:35:Infinity":8,"f:40:2:40:14":4,"b:40:32:40:49":6,"s:41:4:41:Infinity":9,"f:46:2:46:14":5,"b:46:32:46:59":7,"s:47:4:47:Infinity":10}}}
,"/home/azaken/Desktop/ProjectCloudy/CloudyArtistAdminPage/API/src/utils/logger.ts": {"path":"/home/azaken/Desktop/ProjectCloudy/CloudyArtistAdminPage/API/src/utils/logger.ts","statementMap":{"0":{"start":{"line":3,"column":47},"end":{"line":8,"column":null}},"1":{"start":{"line":10,"column":14},"end":{"line":10,"column":null}},"2":{"start":{"line":13,"column":2},"end":{"line":13,"column":null}},"3":{"start":{"line":22,"column":2},"end":{"line":24,"column":null}},"4":{"start":{"line":23,"column":4},"end":{"line":23,"column":null}},"5":{"start":{"line":25,"column":2},"end":{"line":25,"column":null}},"6":{"start":{"line":25,"column":31},"end":{"line":25,"column":null}},"7":{"start":{"line":26,"column":2},"end":{"line":30,"column":null}},"8":{"start":{"line":27,"column":4},"end":{"line":27,"column":null}},"9":{"start":{"line":29,"column":4},"end":{"line":29,"column":null}},"10":{"start":{"line":34,"column":16},"end":{"line":34,"column":null}},"11":{"start":{"line":35,"column":14},"end":{"line":35,"column":null}},"12":{"start":{"line":36,"column":17},"end":{"line":36,"column":null}},"13":{"start":{"line":37,"column":2},"end":{"line":37,"column":null}},"14":{"start":{"line":40,"column":22},"end":{"line":58,"column":null}},"15":{"start":{"line":42,"column":4},"end":{"line":44,"column":null}},"16":{"start":{"line":43,"column":6},"end":{"line":43,"column":null}},"17":{"start":{"line":48,"column":4},"end":{"line":48,"column":null}},"18":{"start":{"line":52,"column":4},"end":{"line":52,"column":null}},"19":{"start":{"line":56,"column":4},"end":{"line":56,"column":null}}},"fnMap":{"0":{"name":"timestamp","decl":{"start":{"line":12,"column":9},"end":{"line":12,"column":29}},"loc":{"start":{"line":12,"column":29},"end":{"line":14,"column":null}},"line":12},"1":{"name":"formatArg","decl":{"start":{"line":21,"column":9},"end":{"line":21,"column":19}},"loc":{"start":{"line":21,"column":41},"end":{"line":31,"column":null}},"line":21},"2":{"name":"formatMessage","decl":{"start":{"line":33,"column":9},"end":{"line":33,"column":23}},"loc":{"start":{"line":33,"column":85},"end":{"line":38,"column":null}},"line":33},"3":{"name":"(anonymous_3)","decl":{"start":{"line":41,"column":2},"end":{"line":41,"column":8}},"loc":{"start":{"line":41,"column":51},"end":{"line":45,"column":null}},"line":41},"4":{"name":"(anonymous_4)","decl":{"start":{"line":47,"column":2},"end":{"line":47,"column":7}},"loc":{"start":{"line":47,"column":50},"end":{"line":49,"column":null}},"line":47},"5":{"name":"(anonymous_5)","decl":{"start":{"line":51,"column":2},"end":{"line":51,"column":7}},"loc":{"start":{"line":51,"column":50},"end":{"line":53,"column":null}},"line":51},"6":{"name":"(anonymous_6)","decl":{"start":{"line":55,"column":2},"end":{"line":55,"column":8}},"loc":{"start":{"line":55,"column":51},"end":{"line":57,"column":null}},"line":55}},"branchMap":{"0":{"loc":{"start":{"line":22,"column":2},"end":{"line":24,"column":null}},"type":"if","locations":[{"start":{"line":22,"column":2},"end":{"line":24,"column":null}},{"start":{},"end":{}}],"line":22},"1":{"loc":{"start":{"line":23,"column":11},"end":{"line":23,"column":null}},"type":"cond-expr","locations":[{"start":{"line":23,"column":23},"end":{"line":23,"column":69}},{"start":{"line":23,"column":69},"end":{"line":23,"column":null}}],"line":23},"2":{"loc":{"start":{"line":25,"column":2},"end":{"line":25,"column":null}},"type":"if","locations":[{"start":{"line":25,"column":2},"end":{"line":25,"column":null}},{"start":{},"end":{}}],"line":25},"3":{"loc":{"start":{"line":36,"column":17},"end":{"line":36,"column":null}},"type":"cond-expr","locations":[{"start":{"line":36,"column":31},"end":{"line":36,"column":69}},{"start":{"line":36,"column":69},"end":{"line":36,"column":null}}],"line":36},"4":{"loc":{"start":{"line":42,"column":4},"end":{"line":44,"column":null}},"type":"if","locations":[{"start":{"line":42,"column":4},"end":{"line":44,"column":null}},{"start":{},"end":{}}],"line":42}},"s":{"0":12,"1":12,"2":21,"3":18,"4":3,"5":15,"6":15,"7":5,"8":5,"9":1,"10":21,"11":21,"12":21,"13":21,"14":12,"15":1,"16":0,"17":2,"18":3,"19":16},"f":{"0":21,"1":18,"2":21,"3":1,"4":2,"5":3,"6":16},"b":{"0":[3,15],"1":[3,0],"2":[10,5],"3":[12,9],"4":[0,1]},"meta":{"lastBranch":5,"lastFunction":7,"lastStatement":20,"seen":{"s:3:47:8:Infinity":0,"s:10:14:10:Infinity":1,"f:12:9:12:29":0,"s:13:2:13:Infinity":2,"f:21:9:21:19":1,"b:22:2:24:Infinity:undefined:undefined:undefined:undefined":0,"s:22:2:24:Infinity":3,"s:23:4:23:Infinity":4,"b:23:23:23:69:23:69:23:Infinity":1,"b:25:2:25:Infinity:undefined:undefined:undefined:undefined":2,"s:25:2:25:Infinity":5,"s:25:31:25:Infinity":6,"s:26:2:30:Infinity":7,"s:27:4:27:Infinity":8,"s:29:4:29:Infinity":9,"f:33:9:33:23":2,"s:34:16:34:Infinity":10,"s:35:14:35:Infinity":11,"s:36:17:36:Infinity":12,"b:36:31:36:69:36:69:36:Infinity":3,"s:37:2:37:Infinity":13,"s:40:22:58:Infinity":14,"f:41:2:41:8":3,"b:42:4:44:Infinity:undefined:undefined:undefined:undefined":4,"s:42:4:44:Infinity":15,"s:43:6:43:Infinity":16,"f:47:2:47:7":4,"s:48:4:48:Infinity":17,"f:51:2:51:7":5,"s:52:4:52:Infinity":18,"f:55:2:55:8":6,"s:56:4:56:Infinity":19}}}
,"/home/azaken/Desktop/ProjectCloudy/CloudyArtistAdminPage/API/src/utils/seedGuard.ts": {"path":"/home/azaken/Desktop/ProjectCloudy/CloudyArtistAdminPage/API/src/utils/seedGuard.ts","statementMap":{"0":{"start":{"line":4,"column":23},"end":{"line":4,"column":null}},"1":{"start":{"line":13,"column":2},"end":{"line":22,"column":null}},"2":{"start":{"line":14,"column":19},"end":{"line":14,"column":null}},"3":{"start":{"line":15,"column":4},"end":{"line":19,"column":null}},"4":{"start":{"line":21,"column":4},"end":{"line":21,"column":null}},"5":{"start":{"line":30,"column":2},"end":{"line":34,"column":null}},"6":{"start":{"line":31,"column":4},"end":{"line":31,"column":null}},"7":{"start":{"line":32,"column":4},"end":{"line":32,"column":null}},"8":{"start":{"line":33,"column":4},"end":{"line":33,"column":null}},"9":{"start":{"line":36,"column":2},"end":{"line":41,"column":null}},"10":{"start":{"line":37,"column":4},"end":{"line":37,"column":null}},"11":{"start":{"line":38,"column":4},"end":{"line":38,"column":null}},"12":{"start":{"line":39,"column":4},"end":{"line":39,"column":null}},"13":{"start":{"line":40,"column":4},"end":{"line":40,"column":null}}},"fnMap":{"0":{"name":"describeTarget","decl":{"start":{"line":12,"column":16},"end":{"line":12,"column":31}},"loc":{"start":{"line":12,"column":56},"end":{"line":23,"column":null}},"line":12},"1":{"name":"assertSafeToSeed","decl":{"start":{"line":29,"column":16},"end":{"line":29,"column":33}},"loc":{"start":{"line":29,"column":59},"end":{"line":42,"column":null}},"line":29}},"branchMap":{"0":{"loc":{"start":{"line":17,"column":16},"end":{"line":17,"column":null}},"type":"binary-expr","locations":[{"start":{"line":17,"column":16},"end":{"line":17,"column":54}},{"start":{"line":17,"column":54},"end":{"line":17,"column":null}}],"line":17},"1":{"loc":{"start":{"line":30,"column":2},"end":{"line":34,"column":null}},"type":"if","locations":[{"start":{"line":30,"column":2},"end":{"line":34,"column":null}},{"start":{},"end":{}}],"line":30},"2":{"loc":{"start":{"line":36,"column":2},"end":{"line":41,"column":null}},"type":"if","locations":[{"start":{"line":36,"column":2},"end":{"line":41,"column":null}},{"start":{},"end":{}}],"line":36},"3":{"loc":{"start":{"line":36,"column":6},"end":{"line":36,"column":60}},"type":"binary-expr","locations":[{"start":{"line":36,"column":6},"end":{"line":36,"column":25}},{"start":{"line":36,"column":25},"end":{"line":36,"column":60}}],"line":36}},"s":{"0":1,"1":5,"2":5,"3":5,"4":1,"5":5,"6":2,"7":2,"8":2,"9":3,"10":1,"11":1,"12":1,"13":1},"f":{"0":5,"1":5},"b":{"0":[5,0],"1":[2,3],"2":[1,2],"3":[3,2]},"meta":{"lastBranch":4,"lastFunction":2,"lastStatement":14,"seen":{"s:4:23:4:Infinity":0,"f:12:16:12:31":0,"s:13:2:22:Infinity":1,"s:14:19:14:Infinity":2,"s:15:4:19:Infinity":3,"b:17:16:17:54:17:54:17:Infinity":0,"s:21:4:21:Infinity":4,"f:29:16:29:33":1,"b:30:2:34:Infinity:undefined:undefined:undefined:undefined":1,"s:30:2:34:Infinity":5,"s:31:4:31:Infinity":6,"s:32:4:32:Infinity":7,"s:33:4:33:Infinity":8,"b:36:2:41:Infinity:undefined:undefined:undefined:undefined":2,"s:36:2:41:Infinity":9,"b:36:6:36:25:36:25:36:60":3,"s:37:4:37:Infinity":10,"s:38:4:38:Infinity":11,"s:39:4:39:Infinity":12,"s:40:4:40:Infinity":13}}}
,"/home/azaken/Desktop/ProjectCloudy/CloudyArtistAdminPage/API/src/utils/sortItems.ts": {"path":"/home/azaken/Desktop/ProjectCloudy/CloudyArtistAdminPage/API/src/utils/sortItems.ts","statementMap":{"0":{"start":{"line":18,"column":17},"end":{"line":18,"column":null}},"1":{"start":{"line":20,"column":2},"end":{"line":22,"column":null}},"2":{"start":{"line":21,"column":4},"end":{"line":21,"column":null}},"3":{"start":{"line":24,"column":2},"end":{"line":26,"column":null}},"4":{"start":{"line":25,"column":4},"end":{"line":25,"column":null}},"5":{"start":{"line":28,"column":2},"end":{"line":44,"column":null}},"6":{"start":{"line":29,"column":4},"end":{"line":31,"column":null}},"7":{"start":{"line":30,"column":6},"end":{"line":30,"column":null}},"8":{"start":{"line":33,"column":30},"end":{"line":33,"column":null}},"9":{"start":{"line":35,"column":4},"end":{"line":37,"column":null}},"10":{"start":{"line":36,"column":6},"end":{"line":36,"column":null}},"11":{"start":{"line":39,"column":4},"end":{"line":41,"column":null}},"12":{"start":{"line":40,"column":6},"end":{"line":40,"column":null}},"13":{"start":{"line":43,"column":4},"end":{"line":43,"column":null}}},"fnMap":{"0":{"name":"parseSortItems","decl":{"start":{"line":17,"column":16},"end":{"line":17,"column":31}},"loc":{"start":{"line":17,"column":58},"end":{"line":45,"column":null}},"line":17},"1":{"name":"(anonymous_1)","decl":{"start":{"line":28,"column":15},"end":{"line":28,"column":20}},"loc":{"start":{"line":28,"column":35},"end":{"line":44,"column":3}},"line":28}},"branchMap":{"0":{"loc":{"start":{"line":20,"column":2},"end":{"line":22,"column":null}},"type":"if","locations":[{"start":{"line":20,"column":2},"end":{"line":22,"column":null}},{"start":{},"end":{}}],"line":20},"1":{"loc":{"start":{"line":20,"column":6},"end":{"line":20,"column":51}},"type":"binary-expr","locations":[{"start":{"line":20,"column":6},"end":{"line":20,"column":31}},{"start":{"line":20,"column":31},"end":{"line":20,"column":51}}],"line":20},"2":{"loc":{"start":{"line":24,"column":2},"end":{"line":26,"column":null}},"type":"if","locations":[{"start":{"line":24,"column":2},"end":{"line":26,"column":null}},{"start":{},"end":{}}],"line":24},"3":{"loc":{"start":{"line":29,"column":4},"end":{"line":31,"column":null}},"type":"if","locations":[{"start":{"line":29,"column":4},"end":{"line":31,"column":null}},{"start":{},"end":{}}],"line":29},"4":{"loc":{"start":{"line":29,"column":8},"end":{"line":29,"column":49}},"type":"binary-expr","locations":[{"start":{"line":29,"column":8},"end":{"line":29,"column":35}},{"start":{"line":29,"column":35},"end":{"line":29,"column":49}}],"line":29},"5":{"loc":{"start":{"line":35,"column":4},"end":{"line":37,"column":null}},"type":"if","locations":[{"start":{"line":35,"column":4},"end":{"line":37,"column":null}},{"start":{},"end":{}}],"line":35},"6":{"loc":{"start":{"line":35,"column":8},"end":{"line":35,"column":65}},"type":"binary-expr","locations":[{"start":{"line":35,"column":8},"end":{"line":35,"column":34}},{"start":{"line":35,"column":34},"end":{"line":35,"column":65}}],"line":35},"7":{"loc":{"start":{"line":39,"column":4},"end":{"line":41,"column":null}},"type":"if","locations":[{"start":{"line":39,"column":4},"end":{"line":41,"column":null}},{"start":{},"end":{}}],"line":39},"8":{"loc":{"start":{"line":39,"column":8},"end":{"line":39,"column":70}},"type":"binary-expr","locations":[{"start":{"line":39,"column":8},"end":{"line":39,"column":41}},{"start":{"line":39,"column":41},"end":{"line":39,"column":70}}],"line":39}},"s":{"0":8,"1":8,"2":4,"3":4,"4":0,"5":4,"6":9,"7":0,"8":9,"9":9,"10":0,"11":9,"12":0,"13":9},"f":{"0":8,"1":9},"b":{"0":[4,4],"1":[8,7],"2":[0,4],"3":[0,9],"4":[9,9],"5":[0,9],"6":[9,9],"7":[0,9],"8":[9,9]},"meta":{"lastBranch":9,"lastFunction":2,"lastStatement":14,"seen":{"f:17:16:17:31":0,"s:18:17:18:Infinity":0,"b:20:2:22:Infinity:undefined:undefined:undefined:undefined":0,"s:20:2:22:Infinity":1,"b:20:6:20:31:20:31:20:51":1,"s:21:4:21:Infinity":2,"b:24:2:26:Infinity:undefined:undefined:undefined:undefined":2,"s:24:2:26:Infinity":3,"s:25:4:25:Infinity":4,"s:28:2:44:Infinity":5,"f:28:15:28:20":1,"b:29:4:31:Infinity:undefined:undefined:undefined:undefined":3,"s:29:4:31:Infinity":6,"b:29:8:29:35:29:35:29:49":4,"s:30:6:30:Infinity":7,"s:33:30:33:Infinity":8,"b:35:4:37:Infinity:undefined:undefined:undefined:undefined":5,"s:35:4:37:Infinity":9,"b:35:8:35:34:35:34:35:65":6,"s:36:6:36:Infinity":10,"b:39:4:41:Infinity:undefined:undefined:undefined:undefined":7,"s:39:4:41:Infinity":11,"b:39:8:39:41:39:41:39:70":8,"s:40:6:40:Infinity":12,"s:43:4:43:Infinity":13}}}
}
